<?xml version="1.0" encoding="UTF-8" ?>
<testsuites>
  <testsuite errors="0" failures="0" hostname="ChanhNguyenPC" id="0" name="CommandsTest" package="expressivo" skipped="0" tests="1" time="0.149" timestamp="2017-05-02T20:54:38">
      <properties>
          <property name="java.vendor" value="Oracle Corporation" />

          <property name="sun.java.launcher" value="SUN_STANDARD" />

          <property name="sun.management.compiler" value="HotSpot 64-Bit Tiered Compilers" />

          <property name="build.sysclasspath" value="ignore" />

          <property name="os.name" value="Windows 10" />

          <property name="sun.boot.class.path" value="C:\Program Files\Java\jdk1.8.0_121\jre\lib\resources.jar;C:\Program Files\Java\jdk1.8.0_121\jre\lib\rt.jar;C:\Program Files\Java\jdk1.8.0_121\jre\lib\sunrsasign.jar;C:\Program Files\Java\jdk1.8.0_121\jre\lib\jsse.jar;C:\Program Files\Java\jdk1.8.0_121\jre\lib\jce.jar;C:\Program Files\Java\jdk1.8.0_121\jre\lib\charsets.jar;C:\Program Files\Java\jdk1.8.0_121\jre\lib\jfr.jar;C:\Program Files\Java\jdk1.8.0_121\jre\classes" />

          <property name="sun.desktop" value="windows" />

          <property name="final.grading" value="true" />

          <property name="java.vm.specification.vendor" value="Oracle Corporation" />

          <property name="ant.home" value="C:\Users\Chanh Nguyen\.p2\pool\plugins\org.apache.ant_1.9.6.v201510161327" />

          <property name="java.runtime.version" value="1.8.0_121-b13" />

          <property name="user.name" value="chanhnguyen" />

          <property name="ant.build.javac.target" value="1.8" />

          <property name="user.language" value="en" />

          <property name="sun.boot.library.path" value="C:\Program Files\Java\jdk1.8.0_121\jre\bin" />

          <property name="grader.report.file" value="my-grader-report.xml" />

          <property name="ant.project.default-target" value="all" />

          <property name="java.version" value="1.8.0_121" />

          <property name="user.timezone" value="" />

          <property name="sun.arch.data.model" value="64" />

          <property name="java.endorsed.dirs" value="C:\Program Files\Java\jdk1.8.0_121\jre\lib\endorsed" />

          <property name="sun.cpu.isalist" value="amd64" />

          <property name="sun.jnu.encoding" value="Cp1252" />

          <property name="file.encoding.pkg" value="sun.io" />

          <property name="file.separator" value="\" />

          <property name="java.specification.name" value="Java Platform API Specification" />

          <property name="java.class.version" value="52.0" />

          <property name="user.country" value="US" />

          <property name="java.home" value="C:\Program Files\Java\jdk1.8.0_121\jre" />

          <property name="java.vm.info" value="mixed mode" />

          <property name="ant.file" value="C:\Users\Chanh Nguyen\workspace\ps1-expressivo\grader.xml" />

          <property name="os.version" value="10.0" />

          <property name="final.grader.jar" value="ps1-final-grader.jar" />

          <property name="path.separator" value=";" />

          <property name="java.vm.version" value="25.121-b13" />

          <property name="user.variant" value="" />

          <property name="ant.library.dir" value="C:\Users\Chanh Nguyen\.p2\pool\plugins\org.apache.ant_1.9.6.v201510161327\lib" />

          <property name="java.awt.printerjob" value="sun.awt.windows.WPrinterJob" />

          <property name="sun.io.unicode.encoding" value="UnicodeLittle" />

          <property name="awt.toolkit" value="sun.awt.windows.WToolkit" />

          <property name="user.script" value="" />

          <property name="user.home" value="C:\Users\Chanh Nguyen" />

          <property name="java.specification.vendor" value="Oracle Corporation" />

          <property name="which.tests.ran" value="BETA + FINAL" />

          <property name="java.library.path" value="C:\Program Files\Java\jdk1.8.0_121\jre\bin;C:\WINDOWS\Sun\Java\bin;C:\WINDOWS\system32;C:\WINDOWS;C:/Program Files/Java/jdk1.8.0_121/jre/bin/server;C:/Program Files/Java/jdk1.8.0_121/jre/bin;C:/Program Files/Java/jdk1.8.0_121/jre/lib/amd64;C:\Program Files\Java\apache-maven-3.3.9\bin;C:\Program Files (x86)\NVIDIA Corporation\PhysX\Common;C:\WINDOWS\system32;C:\WINDOWS;C:\WINDOWS\System32\Wbem;C:\WINDOWS\System32\WindowsPowerShell\v1.0\;C:\Program Files\Microsoft SQL Server\120\DTS\Binn\;C:\Program Files\Microsoft SQL Server\Client SDK\ODBC\110\Tools\Binn\;C:\Program Files (x86)\Microsoft SQL Server\120\Tools\Binn\;C:\Program Files\Microsoft SQL Server\120\Tools\Binn\;C:\Program Files (x86)\Microsoft SQL Server\120\Tools\Binn\ManagementStudio\;C:\Program Files (x86)\Microsoft SQL Server\120\DTS\Binn\;C:\Program Files (x86)\Brackets\command;C:\Program Files\nodejs\;C:\Program Files\Git\cmd;C:\Program Files\Java\jdk1.8.0_121\bin;C:\Users\Chanh Nguyen\AppData\Local\Programs\Python\Python36-32\Scripts\;C:\Users\Chanh Nguyen\AppData\Local\Programs\Python\Python36-32\;C:\Users\Chanh Nguyen\Anaconda3;C:\Users\Chanh Nguyen\Anaconda3\Scripts;C:\Users\Chanh Nguyen\Anaconda3\Library\bin;C:\Users\Chanh Nguyen\AppData\Local\Microsoft\WindowsApps;C:\Users\Chanh Nguyen\AppData\Roaming\npm;C:\WINDOWS\system32;;." />

          <property name="java.vendor.url" value="http://java.oracle.com/" />

          <property name="java.vm.vendor" value="Oracle Corporation" />

          <property name="java.runtime.name" value="Java(TM) SE Runtime Environment" />

          <property name="beta.grader.jar" value="ps1-beta-grader.jar" />

          <property name="sun.java.command" value="org.apache.tools.ant.taskdefs.optional.junit.JUnitTestRunner expressivo.CommandsTest skipNonTests=false filtertrace=true haltOnError=false haltOnFailure=false showoutput=false outputtoformatters=true logfailedtests=true threadid=0 logtestlistenerevents=false formatter=org.apache.tools.ant.taskdefs.optional.junit.XMLJUnitResultFormatter,C:\Users\Chanh Nguyen\workspace\ps1-expressivo\.grader\TEST-expressivo.CommandsTest.xml crashfile=C:\Users\Chanh Nguyen\workspace\ps1-expressivo\.grader\junitvmwatcher6762813870786767452.properties propsfile=C:\Users\Chanh Nguyen\workspace\ps1-expressivo\.grader\junit3659598835145506195.properties" />

          <property name="java.class.path" value="C:\Users\Chanh Nguyen\workspace\ps1-expressivo\lib\junit-4.12.jar;C:\Users\Chanh Nguyen\workspace\ps1-expressivo\lib\hamcrest-core-1.3.jar;C:\Users\Chanh Nguyen\workspace\ps1-expressivo\lib\parserlib.jar;C:\Users\Chanh Nguyen\workspace\ps1-expressivo\.grader\bin-student;C:\Users\Chanh Nguyen\.p2\pool\plugins\org.apache.ant_1.9.6.v201510161327\lib\ant-launcher.jar;C:\Users\Chanh Nguyen\.p2\pool\plugins\org.apache.ant_1.9.6.v201510161327\lib\ant.jar;C:\Users\Chanh Nguyen\.p2\pool\plugins\org.apache.ant_1.9.6.v201510161327\lib\ant-junit.jar;C:\Users\Chanh Nguyen\.p2\pool\plugins\org.apache.ant_1.9.6.v201510161327\lib\ant-junit4.jar" />

          <property name="ant.version" value="Apache Ant(TM) version 1.9.6 compiled on June 29 2015" />

          <property name="project.name" value="ps1-expressivo" />

          <property name="java.vm.specification.name" value="Java Virtual Machine Specification" />

          <property name="java.vm.specification.version" value="1.8" />

          <property name="sun.cpu.endian" value="little" />

          <property name="didit.desc" value="Running your tests against your implementation." />

          <property name="sun.os.patch.level" value="" />

          <property name="java.io.tmpdir" value="C:\Users\CHANHN~1\AppData\Local\Temp\" />

          <property name="java.vendor.url.bug" value="http://bugreport.sun.com/bugreport/" />

          <property name="os.arch" value="amd64" />

          <property name="java.awt.graphicsenv" value="sun.awt.Win32GraphicsEnvironment" />

          <property name="java.ext.dirs" value="C:\Program Files\Java\jdk1.8.0_121\jre\lib\ext;C:\WINDOWS\Sun\Java\lib\ext" />

          <property name="user.dir" value="C:\Users\Chanh Nguyen\workspace\ps1-expressivo" />

          <property name="line.separator" value="&#xd;&#xa;" />

          <property name="zipfile" value="my-submission.zip" />

          <property name="java.vm.name" value="Java HotSpot(TM) 64-Bit Server VM" />

          <property name="problem.set" value="ps1" />

          <property name="basedir" value="C:\Users\Chanh Nguyen\workspace\ps1-expressivo" />

          <property name="ant.java.version" value="1.8" />

          <property name="ant.core.lib" value="C:\Users\Chanh Nguyen\.p2\pool\plugins\org.apache.ant_1.9.6.v201510161327\lib\ant.jar" />

          <property name="file.encoding" value="Cp1252" />

          <property name="java.specification.version" value="1.8" />

          <property name="grader.dir" value=".grader" />

          <property name="ant.project.invoked-targets" value="all" />

      </properties>

      <testcase classname="expressivo.CommandsTest" name="testAssertionsEnabled" time="0.001" />

      <system-out><![CDATA[]]></system-out>

      <system-err><![CDATA[]]></system-err>

  </testsuite>
  <testsuite errors="0" failures="0" hostname="ChanhNguyenPC" id="1" name="ExpressionTest" package="expressivo" skipped="0" tests="1" time="0.135" timestamp="2017-05-02T20:54:38">
      <properties>
          <property name="java.vendor" value="Oracle Corporation" />

          <property name="sun.java.launcher" value="SUN_STANDARD" />

          <property name="sun.management.compiler" value="HotSpot 64-Bit Tiered Compilers" />

          <property name="build.sysclasspath" value="ignore" />

          <property name="os.name" value="Windows 10" />

          <property name="sun.boot.class.path" value="C:\Program Files\Java\jdk1.8.0_121\jre\lib\resources.jar;C:\Program Files\Java\jdk1.8.0_121\jre\lib\rt.jar;C:\Program Files\Java\jdk1.8.0_121\jre\lib\sunrsasign.jar;C:\Program Files\Java\jdk1.8.0_121\jre\lib\jsse.jar;C:\Program Files\Java\jdk1.8.0_121\jre\lib\jce.jar;C:\Program Files\Java\jdk1.8.0_121\jre\lib\charsets.jar;C:\Program Files\Java\jdk1.8.0_121\jre\lib\jfr.jar;C:\Program Files\Java\jdk1.8.0_121\jre\classes" />

          <property name="sun.desktop" value="windows" />

          <property name="final.grading" value="true" />

          <property name="java.vm.specification.vendor" value="Oracle Corporation" />

          <property name="ant.home" value="C:\Users\Chanh Nguyen\.p2\pool\plugins\org.apache.ant_1.9.6.v201510161327" />

          <property name="java.runtime.version" value="1.8.0_121-b13" />

          <property name="user.name" value="chanhnguyen" />

          <property name="ant.build.javac.target" value="1.8" />

          <property name="user.language" value="en" />

          <property name="sun.boot.library.path" value="C:\Program Files\Java\jdk1.8.0_121\jre\bin" />

          <property name="grader.report.file" value="my-grader-report.xml" />

          <property name="ant.project.default-target" value="all" />

          <property name="java.version" value="1.8.0_121" />

          <property name="user.timezone" value="" />

          <property name="sun.arch.data.model" value="64" />

          <property name="java.endorsed.dirs" value="C:\Program Files\Java\jdk1.8.0_121\jre\lib\endorsed" />

          <property name="sun.cpu.isalist" value="amd64" />

          <property name="sun.jnu.encoding" value="Cp1252" />

          <property name="file.encoding.pkg" value="sun.io" />

          <property name="file.separator" value="\" />

          <property name="java.specification.name" value="Java Platform API Specification" />

          <property name="java.class.version" value="52.0" />

          <property name="user.country" value="US" />

          <property name="java.home" value="C:\Program Files\Java\jdk1.8.0_121\jre" />

          <property name="java.vm.info" value="mixed mode" />

          <property name="ant.file" value="C:\Users\Chanh Nguyen\workspace\ps1-expressivo\grader.xml" />

          <property name="os.version" value="10.0" />

          <property name="final.grader.jar" value="ps1-final-grader.jar" />

          <property name="path.separator" value=";" />

          <property name="java.vm.version" value="25.121-b13" />

          <property name="user.variant" value="" />

          <property name="ant.library.dir" value="C:\Users\Chanh Nguyen\.p2\pool\plugins\org.apache.ant_1.9.6.v201510161327\lib" />

          <property name="java.awt.printerjob" value="sun.awt.windows.WPrinterJob" />

          <property name="sun.io.unicode.encoding" value="UnicodeLittle" />

          <property name="awt.toolkit" value="sun.awt.windows.WToolkit" />

          <property name="user.script" value="" />

          <property name="user.home" value="C:\Users\Chanh Nguyen" />

          <property name="java.specification.vendor" value="Oracle Corporation" />

          <property name="which.tests.ran" value="BETA + FINAL" />

          <property name="java.library.path" value="C:\Program Files\Java\jdk1.8.0_121\jre\bin;C:\WINDOWS\Sun\Java\bin;C:\WINDOWS\system32;C:\WINDOWS;C:/Program Files/Java/jdk1.8.0_121/jre/bin/server;C:/Program Files/Java/jdk1.8.0_121/jre/bin;C:/Program Files/Java/jdk1.8.0_121/jre/lib/amd64;C:\Program Files\Java\apache-maven-3.3.9\bin;C:\Program Files (x86)\NVIDIA Corporation\PhysX\Common;C:\WINDOWS\system32;C:\WINDOWS;C:\WINDOWS\System32\Wbem;C:\WINDOWS\System32\WindowsPowerShell\v1.0\;C:\Program Files\Microsoft SQL Server\120\DTS\Binn\;C:\Program Files\Microsoft SQL Server\Client SDK\ODBC\110\Tools\Binn\;C:\Program Files (x86)\Microsoft SQL Server\120\Tools\Binn\;C:\Program Files\Microsoft SQL Server\120\Tools\Binn\;C:\Program Files (x86)\Microsoft SQL Server\120\Tools\Binn\ManagementStudio\;C:\Program Files (x86)\Microsoft SQL Server\120\DTS\Binn\;C:\Program Files (x86)\Brackets\command;C:\Program Files\nodejs\;C:\Program Files\Git\cmd;C:\Program Files\Java\jdk1.8.0_121\bin;C:\Users\Chanh Nguyen\AppData\Local\Programs\Python\Python36-32\Scripts\;C:\Users\Chanh Nguyen\AppData\Local\Programs\Python\Python36-32\;C:\Users\Chanh Nguyen\Anaconda3;C:\Users\Chanh Nguyen\Anaconda3\Scripts;C:\Users\Chanh Nguyen\Anaconda3\Library\bin;C:\Users\Chanh Nguyen\AppData\Local\Microsoft\WindowsApps;C:\Users\Chanh Nguyen\AppData\Roaming\npm;C:\WINDOWS\system32;;." />

          <property name="java.vendor.url" value="http://java.oracle.com/" />

          <property name="java.vm.vendor" value="Oracle Corporation" />

          <property name="java.runtime.name" value="Java(TM) SE Runtime Environment" />

          <property name="beta.grader.jar" value="ps1-beta-grader.jar" />

          <property name="sun.java.command" value="org.apache.tools.ant.taskdefs.optional.junit.JUnitTestRunner expressivo.ExpressionTest skipNonTests=false filtertrace=true haltOnError=false haltOnFailure=false showoutput=false outputtoformatters=true logfailedtests=true threadid=0 logtestlistenerevents=false formatter=org.apache.tools.ant.taskdefs.optional.junit.XMLJUnitResultFormatter,C:\Users\Chanh Nguyen\workspace\ps1-expressivo\.grader\TEST-expressivo.ExpressionTest.xml crashfile=C:\Users\Chanh Nguyen\workspace\ps1-expressivo\.grader\junitvmwatcher4761507337589643211.properties propsfile=C:\Users\Chanh Nguyen\workspace\ps1-expressivo\.grader\junit5006877840815142040.properties" />

          <property name="java.class.path" value="C:\Users\Chanh Nguyen\workspace\ps1-expressivo\lib\junit-4.12.jar;C:\Users\Chanh Nguyen\workspace\ps1-expressivo\lib\hamcrest-core-1.3.jar;C:\Users\Chanh Nguyen\workspace\ps1-expressivo\lib\parserlib.jar;C:\Users\Chanh Nguyen\workspace\ps1-expressivo\.grader\bin-student;C:\Users\Chanh Nguyen\.p2\pool\plugins\org.apache.ant_1.9.6.v201510161327\lib\ant-launcher.jar;C:\Users\Chanh Nguyen\.p2\pool\plugins\org.apache.ant_1.9.6.v201510161327\lib\ant.jar;C:\Users\Chanh Nguyen\.p2\pool\plugins\org.apache.ant_1.9.6.v201510161327\lib\ant-junit.jar;C:\Users\Chanh Nguyen\.p2\pool\plugins\org.apache.ant_1.9.6.v201510161327\lib\ant-junit4.jar" />

          <property name="ant.version" value="Apache Ant(TM) version 1.9.6 compiled on June 29 2015" />

          <property name="project.name" value="ps1-expressivo" />

          <property name="java.vm.specification.name" value="Java Virtual Machine Specification" />

          <property name="java.vm.specification.version" value="1.8" />

          <property name="sun.cpu.endian" value="little" />

          <property name="didit.desc" value="Running your tests against your implementation." />

          <property name="sun.os.patch.level" value="" />

          <property name="java.io.tmpdir" value="C:\Users\CHANHN~1\AppData\Local\Temp\" />

          <property name="java.vendor.url.bug" value="http://bugreport.sun.com/bugreport/" />

          <property name="os.arch" value="amd64" />

          <property name="java.awt.graphicsenv" value="sun.awt.Win32GraphicsEnvironment" />

          <property name="java.ext.dirs" value="C:\Program Files\Java\jdk1.8.0_121\jre\lib\ext;C:\WINDOWS\Sun\Java\lib\ext" />

          <property name="user.dir" value="C:\Users\Chanh Nguyen\workspace\ps1-expressivo" />

          <property name="line.separator" value="&#xd;&#xa;" />

          <property name="zipfile" value="my-submission.zip" />

          <property name="java.vm.name" value="Java HotSpot(TM) 64-Bit Server VM" />

          <property name="problem.set" value="ps1" />

          <property name="basedir" value="C:\Users\Chanh Nguyen\workspace\ps1-expressivo" />

          <property name="ant.java.version" value="1.8" />

          <property name="ant.core.lib" value="C:\Users\Chanh Nguyen\.p2\pool\plugins\org.apache.ant_1.9.6.v201510161327\lib\ant.jar" />

          <property name="file.encoding" value="Cp1252" />

          <property name="java.specification.version" value="1.8" />

          <property name="grader.dir" value=".grader" />

          <property name="ant.project.invoked-targets" value="all" />

      </properties>

      <testcase classname="expressivo.ExpressionTest" name="testAssertionsEnabled" time="0.002" />

      <system-out><![CDATA[]]></system-out>

      <system-err><![CDATA[]]></system-err>

  </testsuite>
  <testsuite errors="0" failures="0" hostname="ChanhNguyenPC" id="2" name="JavaInterfaceTest" package="expressivo.beta" skipped="0" tests="6" time="0.349" timestamp="2017-05-02T20:54:39">
      <properties>
          <property name="java.vendor" value="Oracle Corporation" />

          <property name="sun.java.launcher" value="SUN_STANDARD" />

          <property name="sun.management.compiler" value="HotSpot 64-Bit Tiered Compilers" />

          <property name="build.sysclasspath" value="ignore" />

          <property name="os.name" value="Windows 10" />

          <property name="sun.boot.class.path" value="C:\Program Files\Java\jdk1.8.0_121\jre\lib\resources.jar;C:\Program Files\Java\jdk1.8.0_121\jre\lib\rt.jar;C:\Program Files\Java\jdk1.8.0_121\jre\lib\sunrsasign.jar;C:\Program Files\Java\jdk1.8.0_121\jre\lib\jsse.jar;C:\Program Files\Java\jdk1.8.0_121\jre\lib\jce.jar;C:\Program Files\Java\jdk1.8.0_121\jre\lib\charsets.jar;C:\Program Files\Java\jdk1.8.0_121\jre\lib\jfr.jar;C:\Program Files\Java\jdk1.8.0_121\jre\classes" />

          <property name="sun.desktop" value="windows" />

          <property name="final.grading" value="true" />

          <property name="java.vm.specification.vendor" value="Oracle Corporation" />

          <property name="ant.home" value="C:\Users\Chanh Nguyen\.p2\pool\plugins\org.apache.ant_1.9.6.v201510161327" />

          <property name="java.runtime.version" value="1.8.0_121-b13" />

          <property name="user.name" value="chanhnguyen" />

          <property name="ant.build.javac.target" value="1.8" />

          <property name="user.language" value="en" />

          <property name="sun.boot.library.path" value="C:\Program Files\Java\jdk1.8.0_121\jre\bin" />

          <property name="grader.report.file" value="my-grader-report.xml" />

          <property name="ant.project.default-target" value="all" />

          <property name="java.version" value="1.8.0_121" />

          <property name="user.timezone" value="" />

          <property name="sun.arch.data.model" value="64" />

          <property name="java.endorsed.dirs" value="C:\Program Files\Java\jdk1.8.0_121\jre\lib\endorsed" />

          <property name="sun.cpu.isalist" value="amd64" />

          <property name="sun.jnu.encoding" value="Cp1252" />

          <property name="file.encoding.pkg" value="sun.io" />

          <property name="file.separator" value="\" />

          <property name="java.specification.name" value="Java Platform API Specification" />

          <property name="java.class.version" value="52.0" />

          <property name="user.country" value="US" />

          <property name="java.home" value="C:\Program Files\Java\jdk1.8.0_121\jre" />

          <property name="java.vm.info" value="mixed mode" />

          <property name="ant.file" value="C:\Users\Chanh Nguyen\workspace\ps1-expressivo\grader.xml" />

          <property name="os.version" value="10.0" />

          <property name="final.grader.jar" value="ps1-final-grader.jar" />

          <property name="path.separator" value=";" />

          <property name="java.vm.version" value="25.121-b13" />

          <property name="user.variant" value="" />

          <property name="ant.library.dir" value="C:\Users\Chanh Nguyen\.p2\pool\plugins\org.apache.ant_1.9.6.v201510161327\lib" />

          <property name="java.awt.printerjob" value="sun.awt.windows.WPrinterJob" />

          <property name="sun.io.unicode.encoding" value="UnicodeLittle" />

          <property name="awt.toolkit" value="sun.awt.windows.WToolkit" />

          <property name="user.script" value="" />

          <property name="user.home" value="C:\Users\Chanh Nguyen" />

          <property name="java.specification.vendor" value="Oracle Corporation" />

          <property name="which.tests.ran" value="BETA + FINAL" />

          <property name="java.library.path" value="C:\Program Files\Java\jdk1.8.0_121\jre\bin;C:\WINDOWS\Sun\Java\bin;C:\WINDOWS\system32;C:\WINDOWS;C:/Program Files/Java/jdk1.8.0_121/jre/bin/server;C:/Program Files/Java/jdk1.8.0_121/jre/bin;C:/Program Files/Java/jdk1.8.0_121/jre/lib/amd64;C:\Program Files\Java\apache-maven-3.3.9\bin;C:\Program Files (x86)\NVIDIA Corporation\PhysX\Common;C:\WINDOWS\system32;C:\WINDOWS;C:\WINDOWS\System32\Wbem;C:\WINDOWS\System32\WindowsPowerShell\v1.0\;C:\Program Files\Microsoft SQL Server\120\DTS\Binn\;C:\Program Files\Microsoft SQL Server\Client SDK\ODBC\110\Tools\Binn\;C:\Program Files (x86)\Microsoft SQL Server\120\Tools\Binn\;C:\Program Files\Microsoft SQL Server\120\Tools\Binn\;C:\Program Files (x86)\Microsoft SQL Server\120\Tools\Binn\ManagementStudio\;C:\Program Files (x86)\Microsoft SQL Server\120\DTS\Binn\;C:\Program Files (x86)\Brackets\command;C:\Program Files\nodejs\;C:\Program Files\Git\cmd;C:\Program Files\Java\jdk1.8.0_121\bin;C:\Users\Chanh Nguyen\AppData\Local\Programs\Python\Python36-32\Scripts\;C:\Users\Chanh Nguyen\AppData\Local\Programs\Python\Python36-32\;C:\Users\Chanh Nguyen\Anaconda3;C:\Users\Chanh Nguyen\Anaconda3\Scripts;C:\Users\Chanh Nguyen\Anaconda3\Library\bin;C:\Users\Chanh Nguyen\AppData\Local\Microsoft\WindowsApps;C:\Users\Chanh Nguyen\AppData\Roaming\npm;C:\WINDOWS\system32;;." />

          <property name="java.vendor.url" value="http://java.oracle.com/" />

          <property name="java.vm.vendor" value="Oracle Corporation" />

          <property name="java.runtime.name" value="Java(TM) SE Runtime Environment" />

          <property name="beta.grader.jar" value="ps1-beta-grader.jar" />

          <property name="sun.java.command" value="org.apache.tools.ant.taskdefs.optional.junit.JUnitTestRunner expressivo.beta.JavaInterfaceTest skipNonTests=false filtertrace=true haltOnError=false haltOnFailure=false showoutput=false outputtoformatters=true logfailedtests=true threadid=0 logtestlistenerevents=false formatter=org.apache.tools.ant.taskdefs.optional.junit.XMLJUnitResultFormatter,C:\Users\Chanh Nguyen\workspace\ps1-expressivo\.grader\TEST-expressivo.beta.JavaInterfaceTest.xml crashfile=C:\Users\Chanh Nguyen\workspace\ps1-expressivo\.grader\junitvmwatcher6215440680094467197.properties propsfile=C:\Users\Chanh Nguyen\workspace\ps1-expressivo\.grader\junit8818415325195423722.properties" />

          <property name="java.class.path" value="C:\Users\Chanh Nguyen\workspace\ps1-expressivo\lib\junit-4.12.jar;C:\Users\Chanh Nguyen\workspace\ps1-expressivo\lib\hamcrest-core-1.3.jar;C:\Users\Chanh Nguyen\workspace\ps1-expressivo\lib\parserlib.jar;C:\Users\Chanh Nguyen\workspace\ps1-expressivo\.grader\bin-student;C:\Users\Chanh Nguyen\.p2\pool\plugins\org.apache.ant_1.9.6.v201510161327\lib\ant-launcher.jar;C:\Users\Chanh Nguyen\.p2\pool\plugins\org.apache.ant_1.9.6.v201510161327\lib\ant.jar;C:\Users\Chanh Nguyen\.p2\pool\plugins\org.apache.ant_1.9.6.v201510161327\lib\ant-junit.jar;C:\Users\Chanh Nguyen\.p2\pool\plugins\org.apache.ant_1.9.6.v201510161327\lib\ant-junit4.jar" />

          <property name="ant.version" value="Apache Ant(TM) version 1.9.6 compiled on June 29 2015" />

          <property name="project.name" value="ps1-expressivo" />

          <property name="java.vm.specification.name" value="Java Virtual Machine Specification" />

          <property name="java.vm.specification.version" value="1.8" />

          <property name="sun.cpu.endian" value="little" />

          <property name="didit.desc" value="Running our beta tests against your implementation." />

          <property name="sun.os.patch.level" value="" />

          <property name="java.io.tmpdir" value="C:\Users\CHANHN~1\AppData\Local\Temp\" />

          <property name="java.vendor.url.bug" value="http://bugreport.sun.com/bugreport/" />

          <property name="os.arch" value="amd64" />

          <property name="java.awt.graphicsenv" value="sun.awt.Win32GraphicsEnvironment" />

          <property name="java.ext.dirs" value="C:\Program Files\Java\jdk1.8.0_121\jre\lib\ext;C:\WINDOWS\Sun\Java\lib\ext" />

          <property name="user.dir" value="C:\Users\Chanh Nguyen\workspace\ps1-expressivo" />

          <property name="line.separator" value="&#xd;&#xa;" />

          <property name="zipfile" value="my-submission.zip" />

          <property name="java.vm.name" value="Java HotSpot(TM) 64-Bit Server VM" />

          <property name="problem.set" value="ps1" />

          <property name="basedir" value="C:\Users\Chanh Nguyen\workspace\ps1-expressivo" />

          <property name="ant.java.version" value="1.8" />

          <property name="ant.core.lib" value="C:\Users\Chanh Nguyen\.p2\pool\plugins\org.apache.ant_1.9.6.v201510161327\lib\ant.jar" />

          <property name="file.encoding" value="Cp1252" />

          <property name="java.specification.version" value="1.8" />

          <property name="grader.dir" value=".grader" />

          <property name="ant.project.invoked-targets" value="all" />

      </properties>

      <testcase classname="expressivo.beta.JavaInterfaceTest" name="testParseEquals" time="0.097" />

      <testcase classname="expressivo.beta.JavaInterfaceTest" name="testDifferentiate" time="0.015" />

      <testcase classname="expressivo.beta.JavaInterfaceTest" name="testParseToString" time="0.021" />

      <testcase classname="expressivo.beta.JavaInterfaceTest" name="testSimplifyTwice" time="0.049" />

      <testcase classname="expressivo.beta.JavaInterfaceTest" name="testParseInvalid" time="0.024" />

      <testcase classname="expressivo.beta.JavaInterfaceTest" name="testSimplify" time="0.015" />

      <system-out><![CDATA[x
x
x
]]></system-out>

      <system-err><![CDATA[lib6005.parser.UnableToParseException: String does not match grammar 
Error in line 1 col 0
Expected ||[0-9]|[a-z]|( but saw !moo<EOIN>
	at lib6005.parser.Parser.parse(Parser.java:153)
	at expressivo.Expression.parse(Expression.java:42)
	at expressivo.beta.JavaInterfaceTest.testParseInvalid(JavaInterfaceTest.java:17)
	at sun.reflect.NativeMethodAccessorImpl.invoke0(Native Method)
	at sun.reflect.NativeMethodAccessorImpl.invoke(NativeMethodAccessorImpl.java:62)
	at sun.reflect.DelegatingMethodAccessorImpl.invoke(DelegatingMethodAccessorImpl.java:43)
	at java.lang.reflect.Method.invoke(Method.java:498)
	at org.junit.runners.model.FrameworkMethod$1.runReflectiveCall(FrameworkMethod.java:50)
	at org.junit.internal.runners.model.ReflectiveCallable.run(ReflectiveCallable.java:12)
	at org.junit.runners.model.FrameworkMethod.invokeExplosively(FrameworkMethod.java:47)
	at org.junit.internal.runners.statements.InvokeMethod.evaluate(InvokeMethod.java:17)
	at org.junit.internal.runners.statements.ExpectException.evaluate(ExpectException.java:19)
	at org.junit.runners.ParentRunner.runLeaf(ParentRunner.java:325)
	at org.junit.runners.BlockJUnit4ClassRunner.runChild(BlockJUnit4ClassRunner.java:78)
	at org.junit.runners.BlockJUnit4ClassRunner.runChild(BlockJUnit4ClassRunner.java:57)
	at org.junit.runners.ParentRunner$3.run(ParentRunner.java:290)
	at org.junit.runners.ParentRunner$1.schedule(ParentRunner.java:71)
	at org.junit.runners.ParentRunner.runChildren(ParentRunner.java:288)
	at org.junit.runners.ParentRunner.access$000(ParentRunner.java:58)
	at org.junit.runners.ParentRunner$2.evaluate(ParentRunner.java:268)
	at org.junit.runners.ParentRunner.run(ParentRunner.java:363)
	at junit.framework.JUnit4TestAdapter.run(JUnit4TestAdapter.java:38)
	at org.apache.tools.ant.taskdefs.optional.junit.JUnitTestRunner.run(JUnitTestRunner.java:535)
	at org.apache.tools.ant.taskdefs.optional.junit.JUnitTestRunner.launch(JUnitTestRunner.java:1182)
	at org.apache.tools.ant.taskdefs.optional.junit.JUnitTestRunner.main(JUnitTestRunner.java:1033)
]]></system-err>

  </testsuite>
  <testsuite errors="0" failures="0" hostname="ChanhNguyenPC" id="3" name="ExpressionTest" package="expressivo.grader" skipped="0" tests="27" time="1.088" timestamp="2017-05-02T20:54:41">
      <properties>
          <property name="java.vendor" value="Oracle Corporation" />

          <property name="sun.java.launcher" value="SUN_STANDARD" />

          <property name="sun.management.compiler" value="HotSpot 64-Bit Tiered Compilers" />

          <property name="build.sysclasspath" value="ignore" />

          <property name="os.name" value="Windows 10" />

          <property name="sun.boot.class.path" value="C:\Program Files\Java\jdk1.8.0_121\jre\lib\resources.jar;C:\Program Files\Java\jdk1.8.0_121\jre\lib\rt.jar;C:\Program Files\Java\jdk1.8.0_121\jre\lib\sunrsasign.jar;C:\Program Files\Java\jdk1.8.0_121\jre\lib\jsse.jar;C:\Program Files\Java\jdk1.8.0_121\jre\lib\jce.jar;C:\Program Files\Java\jdk1.8.0_121\jre\lib\charsets.jar;C:\Program Files\Java\jdk1.8.0_121\jre\lib\jfr.jar;C:\Program Files\Java\jdk1.8.0_121\jre\classes" />

          <property name="sun.desktop" value="windows" />

          <property name="final.grading" value="true" />

          <property name="java.vm.specification.vendor" value="Oracle Corporation" />

          <property name="ant.home" value="C:\Users\Chanh Nguyen\.p2\pool\plugins\org.apache.ant_1.9.6.v201510161327" />

          <property name="java.runtime.version" value="1.8.0_121-b13" />

          <property name="user.name" value="chanhnguyen" />

          <property name="ant.build.javac.target" value="1.8" />

          <property name="user.language" value="en" />

          <property name="sun.boot.library.path" value="C:\Program Files\Java\jdk1.8.0_121\jre\bin" />

          <property name="grader.report.file" value="my-grader-report.xml" />

          <property name="ant.project.default-target" value="all" />

          <property name="java.version" value="1.8.0_121" />

          <property name="user.timezone" value="" />

          <property name="sun.arch.data.model" value="64" />

          <property name="java.endorsed.dirs" value="C:\Program Files\Java\jdk1.8.0_121\jre\lib\endorsed" />

          <property name="sun.cpu.isalist" value="amd64" />

          <property name="sun.jnu.encoding" value="Cp1252" />

          <property name="file.encoding.pkg" value="sun.io" />

          <property name="file.separator" value="\" />

          <property name="java.specification.name" value="Java Platform API Specification" />

          <property name="java.class.version" value="52.0" />

          <property name="user.country" value="US" />

          <property name="java.home" value="C:\Program Files\Java\jdk1.8.0_121\jre" />

          <property name="java.vm.info" value="mixed mode" />

          <property name="ant.file" value="C:\Users\Chanh Nguyen\workspace\ps1-expressivo\grader.xml" />

          <property name="os.version" value="10.0" />

          <property name="final.grader.jar" value="ps1-final-grader.jar" />

          <property name="path.separator" value=";" />

          <property name="java.vm.version" value="25.121-b13" />

          <property name="user.variant" value="" />

          <property name="ant.library.dir" value="C:\Users\Chanh Nguyen\.p2\pool\plugins\org.apache.ant_1.9.6.v201510161327\lib" />

          <property name="java.awt.printerjob" value="sun.awt.windows.WPrinterJob" />

          <property name="sun.io.unicode.encoding" value="UnicodeLittle" />

          <property name="awt.toolkit" value="sun.awt.windows.WToolkit" />

          <property name="user.script" value="" />

          <property name="user.home" value="C:\Users\Chanh Nguyen" />

          <property name="java.specification.vendor" value="Oracle Corporation" />

          <property name="which.tests.ran" value="BETA + FINAL" />

          <property name="java.library.path" value="C:\Program Files\Java\jdk1.8.0_121\jre\bin;C:\WINDOWS\Sun\Java\bin;C:\WINDOWS\system32;C:\WINDOWS;C:/Program Files/Java/jdk1.8.0_121/jre/bin/server;C:/Program Files/Java/jdk1.8.0_121/jre/bin;C:/Program Files/Java/jdk1.8.0_121/jre/lib/amd64;C:\Program Files\Java\apache-maven-3.3.9\bin;C:\Program Files (x86)\NVIDIA Corporation\PhysX\Common;C:\WINDOWS\system32;C:\WINDOWS;C:\WINDOWS\System32\Wbem;C:\WINDOWS\System32\WindowsPowerShell\v1.0\;C:\Program Files\Microsoft SQL Server\120\DTS\Binn\;C:\Program Files\Microsoft SQL Server\Client SDK\ODBC\110\Tools\Binn\;C:\Program Files (x86)\Microsoft SQL Server\120\Tools\Binn\;C:\Program Files\Microsoft SQL Server\120\Tools\Binn\;C:\Program Files (x86)\Microsoft SQL Server\120\Tools\Binn\ManagementStudio\;C:\Program Files (x86)\Microsoft SQL Server\120\DTS\Binn\;C:\Program Files (x86)\Brackets\command;C:\Program Files\nodejs\;C:\Program Files\Git\cmd;C:\Program Files\Java\jdk1.8.0_121\bin;C:\Users\Chanh Nguyen\AppData\Local\Programs\Python\Python36-32\Scripts\;C:\Users\Chanh Nguyen\AppData\Local\Programs\Python\Python36-32\;C:\Users\Chanh Nguyen\Anaconda3;C:\Users\Chanh Nguyen\Anaconda3\Scripts;C:\Users\Chanh Nguyen\Anaconda3\Library\bin;C:\Users\Chanh Nguyen\AppData\Local\Microsoft\WindowsApps;C:\Users\Chanh Nguyen\AppData\Roaming\npm;C:\WINDOWS\system32;;." />

          <property name="java.vendor.url" value="http://java.oracle.com/" />

          <property name="java.vm.vendor" value="Oracle Corporation" />

          <property name="java.runtime.name" value="Java(TM) SE Runtime Environment" />

          <property name="beta.grader.jar" value="ps1-beta-grader.jar" />

          <property name="sun.java.command" value="org.apache.tools.ant.taskdefs.optional.junit.JUnitTestRunner expressivo.grader.ExpressionTest skipNonTests=false filtertrace=true haltOnError=false haltOnFailure=false showoutput=false outputtoformatters=true logfailedtests=true threadid=0 logtestlistenerevents=false formatter=org.apache.tools.ant.taskdefs.optional.junit.XMLJUnitResultFormatter,C:\Users\Chanh Nguyen\workspace\ps1-expressivo\.grader\TEST-expressivo.grader.ExpressionTest.xml crashfile=C:\Users\Chanh Nguyen\workspace\ps1-expressivo\.grader\junitvmwatcher1351247768434672410.properties propsfile=C:\Users\Chanh Nguyen\workspace\ps1-expressivo\.grader\junit3956988689548931479.properties" />

          <property name="java.class.path" value="C:\Users\Chanh Nguyen\workspace\ps1-expressivo\lib\junit-4.12.jar;C:\Users\Chanh Nguyen\workspace\ps1-expressivo\lib\hamcrest-core-1.3.jar;C:\Users\Chanh Nguyen\workspace\ps1-expressivo\lib\parserlib.jar;C:\Users\Chanh Nguyen\workspace\ps1-expressivo\.grader\bin-tests-final;C:\Users\Chanh Nguyen\workspace\ps1-expressivo\.grader\bin-student;C:\Users\Chanh Nguyen\.p2\pool\plugins\org.apache.ant_1.9.6.v201510161327\lib\ant-launcher.jar;C:\Users\Chanh Nguyen\.p2\pool\plugins\org.apache.ant_1.9.6.v201510161327\lib\ant.jar;C:\Users\Chanh Nguyen\.p2\pool\plugins\org.apache.ant_1.9.6.v201510161327\lib\ant-junit.jar;C:\Users\Chanh Nguyen\.p2\pool\plugins\org.apache.ant_1.9.6.v201510161327\lib\ant-junit4.jar" />

          <property name="ant.version" value="Apache Ant(TM) version 1.9.6 compiled on June 29 2015" />

          <property name="project.name" value="ps1-expressivo" />

          <property name="java.vm.specification.name" value="Java Virtual Machine Specification" />

          <property name="java.vm.specification.version" value="1.8" />

          <property name="sun.cpu.endian" value="little" />

          <property name="didit.desc" value="Running our tests against your implementation" />

          <property name="sun.os.patch.level" value="" />

          <property name="java.io.tmpdir" value="C:\Users\CHANHN~1\AppData\Local\Temp\" />

          <property name="java.vendor.url.bug" value="http://bugreport.sun.com/bugreport/" />

          <property name="os.arch" value="amd64" />

          <property name="java.awt.graphicsenv" value="sun.awt.Win32GraphicsEnvironment" />

          <property name="java.ext.dirs" value="C:\Program Files\Java\jdk1.8.0_121\jre\lib\ext;C:\WINDOWS\Sun\Java\lib\ext" />

          <property name="user.dir" value="C:\Users\Chanh Nguyen\workspace\ps1-expressivo" />

          <property name="line.separator" value="&#xd;&#xa;" />

          <property name="zipfile" value="my-submission.zip" />

          <property name="java.vm.name" value="Java HotSpot(TM) 64-Bit Server VM" />

          <property name="problem.set" value="ps1" />

          <property name="basedir" value="C:\Users\Chanh Nguyen\workspace\ps1-expressivo" />

          <property name="ant.java.version" value="1.8" />

          <property name="ant.core.lib" value="C:\Users\Chanh Nguyen\.p2\pool\plugins\org.apache.ant_1.9.6.v201510161327\lib\ant.jar" />

          <property name="file.encoding" value="Cp1252" />

          <property name="java.specification.version" value="1.8" />

          <property name="grader.dir" value=".grader" />

          <property name="ant.project.invoked-targets" value="all" />

      </properties>

      <testcase classname="expressivo.grader.ExpressionTest" name="testHashCode[same one variable]" time="0.126" />

      <testcase classname="expressivo.grader.ExpressionTest" name="testEquals[same one variable]" time="0.026" />

      <testcase classname="expressivo.grader.ExpressionTest" name="testToStringConsistent[same one variable]" time="0.025" />

      <testcase classname="expressivo.grader.ExpressionTest" name="testHashCode[same one operator]" time="0.032" />

      <testcase classname="expressivo.grader.ExpressionTest" name="testEquals[same one operator]" time="0.023" />

      <testcase classname="expressivo.grader.ExpressionTest" name="testToStringConsistent[same one operator]" time="0.018" />

      <testcase classname="expressivo.grader.ExpressionTest" name="testHashCode[same expression with numbers/variables/operators]" time="0.018" />

      <testcase classname="expressivo.grader.ExpressionTest" name="testEquals[same expression with numbers/variables/operators]" time="0.023" />

      <testcase classname="expressivo.grader.ExpressionTest" name="testToStringConsistent[same expression with numbers/variables/operators]" time="0.016" />

      <testcase classname="expressivo.grader.ExpressionTest" name="testHashCode[var and same var parenthesized]" time="0.018" />

      <testcase classname="expressivo.grader.ExpressionTest" name="testEquals[var and same var parenthesized]" time="0.019" />

      <testcase classname="expressivo.grader.ExpressionTest" name="testToStringConsistent[var and same var parenthesized]" time="0.012" />

      <testcase classname="expressivo.grader.ExpressionTest" name="testHashCode[one operator and same operator parenthesized]" time="0.015" />

      <testcase classname="expressivo.grader.ExpressionTest" name="testEquals[one operator and same operator parenthesized]" time="0.02" />

      <testcase classname="expressivo.grader.ExpressionTest" name="testToStringConsistent[one operator and same operator parenthesized]" time="0.023" />

      <testcase classname="expressivo.grader.ExpressionTest" name="testHashCode[* + * same as (*)+(*)]" time="0.047" />

      <testcase classname="expressivo.grader.ExpressionTest" name="testEquals[* + * same as (*)+(*)]" time="0.022" />

      <testcase classname="expressivo.grader.ExpressionTest" name="testToStringConsistent[* + * same as (*)+(*)]" time="0.037" />

      <testcase classname="expressivo.grader.ExpressionTest" name="testHashCode[((*)+)* different from * + *]" time="0.018" />

      <testcase classname="expressivo.grader.ExpressionTest" name="testEquals[((*)+)* different from * + *]" time="0.011" />

      <testcase classname="expressivo.grader.ExpressionTest" name="testToStringConsistent[((*)+)* different from * + *]" time="0.015" />

      <testcase classname="expressivo.grader.ExpressionTest" name="testHashCode[+ not commutative under structual equality]" time="0.013" />

      <testcase classname="expressivo.grader.ExpressionTest" name="testEquals[+ not commutative under structual equality]" time="0.014" />

      <testcase classname="expressivo.grader.ExpressionTest" name="testToStringConsistent[+ not commutative under structual equality]" time="0.011" />

      <testcase classname="expressivo.grader.ExpressionTest" name="testHashCode[* not commutative under structual equality]" time="0.012" />

      <testcase classname="expressivo.grader.ExpressionTest" name="testEquals[* not commutative under structual equality]" time="0.018" />

      <testcase classname="expressivo.grader.ExpressionTest" name="testToStringConsistent[* not commutative under structual equality]" time="0.01" />

      <system-out><![CDATA[z
z
q
w
q
w
x
y
foo
x
y
foo
x
x
x
y
x
y
x
y
x
y
x
y
x
z
]]></system-out>

      <system-err><![CDATA[]]></system-err>

  </testsuite>
  <testsuite errors="14" failures="0" hostname="ChanhNguyenPC" id="4" name="ExpressivoTest" package="expressivo.grader" skipped="0" tests="152" time="2.731" timestamp="2017-05-02T20:54:42">
      <properties>
          <property name="java.vendor" value="Oracle Corporation" />

          <property name="sun.java.launcher" value="SUN_STANDARD" />

          <property name="sun.management.compiler" value="HotSpot 64-Bit Tiered Compilers" />

          <property name="build.sysclasspath" value="ignore" />

          <property name="os.name" value="Windows 10" />

          <property name="sun.boot.class.path" value="C:\Program Files\Java\jdk1.8.0_121\jre\lib\resources.jar;C:\Program Files\Java\jdk1.8.0_121\jre\lib\rt.jar;C:\Program Files\Java\jdk1.8.0_121\jre\lib\sunrsasign.jar;C:\Program Files\Java\jdk1.8.0_121\jre\lib\jsse.jar;C:\Program Files\Java\jdk1.8.0_121\jre\lib\jce.jar;C:\Program Files\Java\jdk1.8.0_121\jre\lib\charsets.jar;C:\Program Files\Java\jdk1.8.0_121\jre\lib\jfr.jar;C:\Program Files\Java\jdk1.8.0_121\jre\classes" />

          <property name="sun.desktop" value="windows" />

          <property name="final.grading" value="true" />

          <property name="java.vm.specification.vendor" value="Oracle Corporation" />

          <property name="ant.home" value="C:\Users\Chanh Nguyen\.p2\pool\plugins\org.apache.ant_1.9.6.v201510161327" />

          <property name="java.runtime.version" value="1.8.0_121-b13" />

          <property name="user.name" value="chanhnguyen" />

          <property name="ant.build.javac.target" value="1.8" />

          <property name="user.language" value="en" />

          <property name="sun.boot.library.path" value="C:\Program Files\Java\jdk1.8.0_121\jre\bin" />

          <property name="grader.report.file" value="my-grader-report.xml" />

          <property name="ant.project.default-target" value="all" />

          <property name="java.version" value="1.8.0_121" />

          <property name="user.timezone" value="" />

          <property name="sun.arch.data.model" value="64" />

          <property name="java.endorsed.dirs" value="C:\Program Files\Java\jdk1.8.0_121\jre\lib\endorsed" />

          <property name="sun.cpu.isalist" value="amd64" />

          <property name="sun.jnu.encoding" value="Cp1252" />

          <property name="file.encoding.pkg" value="sun.io" />

          <property name="file.separator" value="\" />

          <property name="java.specification.name" value="Java Platform API Specification" />

          <property name="java.class.version" value="52.0" />

          <property name="user.country" value="US" />

          <property name="java.home" value="C:\Program Files\Java\jdk1.8.0_121\jre" />

          <property name="java.vm.info" value="mixed mode" />

          <property name="ant.file" value="C:\Users\Chanh Nguyen\workspace\ps1-expressivo\grader.xml" />

          <property name="os.version" value="10.0" />

          <property name="final.grader.jar" value="ps1-final-grader.jar" />

          <property name="path.separator" value=";" />

          <property name="java.vm.version" value="25.121-b13" />

          <property name="user.variant" value="" />

          <property name="ant.library.dir" value="C:\Users\Chanh Nguyen\.p2\pool\plugins\org.apache.ant_1.9.6.v201510161327\lib" />

          <property name="java.awt.printerjob" value="sun.awt.windows.WPrinterJob" />

          <property name="sun.io.unicode.encoding" value="UnicodeLittle" />

          <property name="awt.toolkit" value="sun.awt.windows.WToolkit" />

          <property name="user.script" value="" />

          <property name="user.home" value="C:\Users\Chanh Nguyen" />

          <property name="java.specification.vendor" value="Oracle Corporation" />

          <property name="which.tests.ran" value="BETA + FINAL" />

          <property name="java.library.path" value="C:\Program Files\Java\jdk1.8.0_121\jre\bin;C:\WINDOWS\Sun\Java\bin;C:\WINDOWS\system32;C:\WINDOWS;C:/Program Files/Java/jdk1.8.0_121/jre/bin/server;C:/Program Files/Java/jdk1.8.0_121/jre/bin;C:/Program Files/Java/jdk1.8.0_121/jre/lib/amd64;C:\Program Files\Java\apache-maven-3.3.9\bin;C:\Program Files (x86)\NVIDIA Corporation\PhysX\Common;C:\WINDOWS\system32;C:\WINDOWS;C:\WINDOWS\System32\Wbem;C:\WINDOWS\System32\WindowsPowerShell\v1.0\;C:\Program Files\Microsoft SQL Server\120\DTS\Binn\;C:\Program Files\Microsoft SQL Server\Client SDK\ODBC\110\Tools\Binn\;C:\Program Files (x86)\Microsoft SQL Server\120\Tools\Binn\;C:\Program Files\Microsoft SQL Server\120\Tools\Binn\;C:\Program Files (x86)\Microsoft SQL Server\120\Tools\Binn\ManagementStudio\;C:\Program Files (x86)\Microsoft SQL Server\120\DTS\Binn\;C:\Program Files (x86)\Brackets\command;C:\Program Files\nodejs\;C:\Program Files\Git\cmd;C:\Program Files\Java\jdk1.8.0_121\bin;C:\Users\Chanh Nguyen\AppData\Local\Programs\Python\Python36-32\Scripts\;C:\Users\Chanh Nguyen\AppData\Local\Programs\Python\Python36-32\;C:\Users\Chanh Nguyen\Anaconda3;C:\Users\Chanh Nguyen\Anaconda3\Scripts;C:\Users\Chanh Nguyen\Anaconda3\Library\bin;C:\Users\Chanh Nguyen\AppData\Local\Microsoft\WindowsApps;C:\Users\Chanh Nguyen\AppData\Roaming\npm;C:\WINDOWS\system32;;." />

          <property name="java.vendor.url" value="http://java.oracle.com/" />

          <property name="java.vm.vendor" value="Oracle Corporation" />

          <property name="java.runtime.name" value="Java(TM) SE Runtime Environment" />

          <property name="beta.grader.jar" value="ps1-beta-grader.jar" />

          <property name="sun.java.command" value="org.apache.tools.ant.taskdefs.optional.junit.JUnitTestRunner expressivo.grader.ExpressivoTest skipNonTests=false filtertrace=true haltOnError=false haltOnFailure=false showoutput=false outputtoformatters=true logfailedtests=true threadid=0 logtestlistenerevents=false formatter=org.apache.tools.ant.taskdefs.optional.junit.XMLJUnitResultFormatter,C:\Users\Chanh Nguyen\workspace\ps1-expressivo\.grader\TEST-expressivo.grader.ExpressivoTest.xml crashfile=C:\Users\Chanh Nguyen\workspace\ps1-expressivo\.grader\junitvmwatcher5823215343801577703.properties propsfile=C:\Users\Chanh Nguyen\workspace\ps1-expressivo\.grader\junit3013370027921532463.properties" />

          <property name="java.class.path" value="C:\Users\Chanh Nguyen\workspace\ps1-expressivo\lib\junit-4.12.jar;C:\Users\Chanh Nguyen\workspace\ps1-expressivo\lib\hamcrest-core-1.3.jar;C:\Users\Chanh Nguyen\workspace\ps1-expressivo\lib\parserlib.jar;C:\Users\Chanh Nguyen\workspace\ps1-expressivo\.grader\bin-tests-final;C:\Users\Chanh Nguyen\workspace\ps1-expressivo\.grader\bin-student;C:\Users\Chanh Nguyen\.p2\pool\plugins\org.apache.ant_1.9.6.v201510161327\lib\ant-launcher.jar;C:\Users\Chanh Nguyen\.p2\pool\plugins\org.apache.ant_1.9.6.v201510161327\lib\ant.jar;C:\Users\Chanh Nguyen\.p2\pool\plugins\org.apache.ant_1.9.6.v201510161327\lib\ant-junit.jar;C:\Users\Chanh Nguyen\.p2\pool\plugins\org.apache.ant_1.9.6.v201510161327\lib\ant-junit4.jar" />

          <property name="ant.version" value="Apache Ant(TM) version 1.9.6 compiled on June 29 2015" />

          <property name="project.name" value="ps1-expressivo" />

          <property name="java.vm.specification.name" value="Java Virtual Machine Specification" />

          <property name="java.vm.specification.version" value="1.8" />

          <property name="sun.cpu.endian" value="little" />

          <property name="didit.desc" value="Running our tests against your implementation" />

          <property name="sun.os.patch.level" value="" />

          <property name="java.io.tmpdir" value="C:\Users\CHANHN~1\AppData\Local\Temp\" />

          <property name="java.vendor.url.bug" value="http://bugreport.sun.com/bugreport/" />

          <property name="os.arch" value="amd64" />

          <property name="java.awt.graphicsenv" value="sun.awt.Win32GraphicsEnvironment" />

          <property name="java.ext.dirs" value="C:\Program Files\Java\jdk1.8.0_121\jre\lib\ext;C:\WINDOWS\Sun\Java\lib\ext" />

          <property name="user.dir" value="C:\Users\Chanh Nguyen\workspace\ps1-expressivo" />

          <property name="line.separator" value="&#xd;&#xa;" />

          <property name="zipfile" value="my-submission.zip" />

          <property name="java.vm.name" value="Java HotSpot(TM) 64-Bit Server VM" />

          <property name="problem.set" value="ps1" />

          <property name="basedir" value="C:\Users\Chanh Nguyen\workspace\ps1-expressivo" />

          <property name="ant.java.version" value="1.8" />

          <property name="ant.core.lib" value="C:\Users\Chanh Nguyen\.p2\pool\plugins\org.apache.ant_1.9.6.v201510161327\lib\ant.jar" />

          <property name="file.encoding" value="Cp1252" />

          <property name="java.specification.version" value="1.8" />

          <property name="grader.dir" value=".grader" />

          <property name="ant.project.invoked-targets" value="all" />

      </properties>

      <testcase classname="expressivo.grader.ExpressivoTest" name="testDifferentiate_dx[zero]" time="0.213" />

      <testcase classname="expressivo.grader.ExpressivoTest" name="testDifferentiate_dy[zero]" time="0.071" />

      <testcase classname="expressivo.grader.ExpressivoTest" name="testParse[zero]" time="0.013" />

      <testcase classname="expressivo.grader.ExpressivoTest" name="testSimplify_xyz[zero]" time="0.011" />

      <testcase classname="expressivo.grader.ExpressivoTest" name="testDifferentiate_dx[nonzero integer]" time="0.017" />

      <testcase classname="expressivo.grader.ExpressivoTest" name="testDifferentiate_dy[nonzero integer]" time="0.012" />

      <testcase classname="expressivo.grader.ExpressivoTest" name="testParse[nonzero integer]" time="0.017" />

      <testcase classname="expressivo.grader.ExpressivoTest" name="testSimplify_xyz[nonzero integer]" time="0.013" />

      <testcase classname="expressivo.grader.ExpressivoTest" name="testDifferentiate_dx[decimal-fraction &lt; 1]" time="0.009" />

      <testcase classname="expressivo.grader.ExpressivoTest" name="testDifferentiate_dy[decimal-fraction &lt; 1]" time="0.013" />

      <testcase classname="expressivo.grader.ExpressivoTest" name="testParse[decimal-fraction &lt; 1]" time="0.031" />

      <testcase classname="expressivo.grader.ExpressivoTest" name="testSimplify_xyz[decimal-fraction &lt; 1]" time="0.007" />

      <testcase classname="expressivo.grader.ExpressivoTest" name="testDifferentiate_dx[decimal-fraction &gt; 1]" time="0.006" />

      <testcase classname="expressivo.grader.ExpressivoTest" name="testDifferentiate_dy[decimal-fraction &gt; 1]" time="0.008" />

      <testcase classname="expressivo.grader.ExpressivoTest" name="testParse[decimal-fraction &gt; 1]" time="0.019" />

      <testcase classname="expressivo.grader.ExpressivoTest" name="testSimplify_xyz[decimal-fraction &gt; 1]" time="0.011" />

      <testcase classname="expressivo.grader.ExpressivoTest" name="testDifferentiate_dx[trailing zeros]" time="0.015" />

      <testcase classname="expressivo.grader.ExpressivoTest" name="testDifferentiate_dy[trailing zeros]" time="0.007" />

      <testcase classname="expressivo.grader.ExpressivoTest" name="testParse[trailing zeros]" time="0.009" />

      <testcase classname="expressivo.grader.ExpressivoTest" name="testSimplify_xyz[trailing zeros]" time="0.006" />

      <testcase classname="expressivo.grader.ExpressivoTest" name="testDifferentiate_dx[no leading zero]" time="0.022">
          <error message="error calling differentiate()" type="java.lang.RuntimeException">java.lang.RuntimeException: error calling differentiate()
	at expressivo.grader.ExpressivoTest.testDifferentiate_dx(ExpressivoTest.java:113)
Caused by: java.lang.IllegalArgumentException: lib6005.parser.UnableToParseException: String does not match grammar 
Error in line 1 col 0
Expected ||[0-9]|[a-z]|( but saw .77&lt;EOIN&gt;
	at expressivo.Expression.parse(Expression.java:46)
	at expressivo.Commands.differentiate(Commands.java:28)
	at expressivo.grader.ExpressivoTest.testDifferentiate_dx(ExpressivoTest.java:111)
Caused by: lib6005.parser.UnableToParseException: String does not match grammar 
Error in line 1 col 0
Expected ||[0-9]|[a-z]|( but saw .77&lt;EOIN&gt;
	at lib6005.parser.Parser.parse(Parser.java:153)
	at expressivo.Expression.parse(Expression.java:42)
</error>

      </testcase>

      <testcase classname="expressivo.grader.ExpressivoTest" name="testDifferentiate_dy[no leading zero]" time="0.011">
          <error message="error calling differentiate()" type="java.lang.RuntimeException">java.lang.RuntimeException: error calling differentiate()
	at expressivo.grader.ExpressivoTest.testDifferentiate_dy(ExpressivoTest.java:131)
Caused by: java.lang.IllegalArgumentException: lib6005.parser.UnableToParseException: String does not match grammar 
Error in line 1 col 0
Expected ||[0-9]|[a-z]|( but saw .77&lt;EOIN&gt;
	at expressivo.Expression.parse(Expression.java:46)
	at expressivo.Commands.differentiate(Commands.java:28)
	at expressivo.grader.ExpressivoTest.testDifferentiate_dy(ExpressivoTest.java:129)
Caused by: lib6005.parser.UnableToParseException: String does not match grammar 
Error in line 1 col 0
Expected ||[0-9]|[a-z]|( but saw .77&lt;EOIN&gt;
	at lib6005.parser.Parser.parse(Parser.java:153)
	at expressivo.Expression.parse(Expression.java:42)
</error>

      </testcase>

      <testcase classname="expressivo.grader.ExpressivoTest" name="testParse[no leading zero]" time="0.008">
          <error message="error calling parse()" type="java.lang.RuntimeException">java.lang.RuntimeException: error calling parse()
	at expressivo.grader.ExpressivoTest.testParse(ExpressivoTest.java:95)
Caused by: java.lang.IllegalArgumentException: lib6005.parser.UnableToParseException: String does not match grammar 
Error in line 1 col 0
Expected ||[0-9]|[a-z]|( but saw .77&lt;EOIN&gt;
	at expressivo.Expression.parse(Expression.java:46)
	at expressivo.grader.ExpressivoTest.testParse(ExpressivoTest.java:93)
Caused by: lib6005.parser.UnableToParseException: String does not match grammar 
Error in line 1 col 0
Expected ||[0-9]|[a-z]|( but saw .77&lt;EOIN&gt;
	at lib6005.parser.Parser.parse(Parser.java:153)
	at expressivo.Expression.parse(Expression.java:42)
</error>

      </testcase>

      <testcase classname="expressivo.grader.ExpressivoTest" name="testSimplify_xyz[no leading zero]" time="0.007">
          <error message="error calling simplify()" type="java.lang.RuntimeException">java.lang.RuntimeException: error calling simplify()
	at expressivo.grader.ExpressivoTest.testSimplify_xyz(ExpressivoTest.java:154)
Caused by: java.lang.IllegalArgumentException: lib6005.parser.UnableToParseException: String does not match grammar 
Error in line 1 col 0
Expected ||[0-9]|[a-z]|( but saw .77&lt;EOIN&gt;
	at expressivo.Expression.parse(Expression.java:46)
	at expressivo.Commands.simplify(Commands.java:46)
	at expressivo.grader.ExpressivoTest.testSimplify_xyz(ExpressivoTest.java:152)
Caused by: lib6005.parser.UnableToParseException: String does not match grammar 
Error in line 1 col 0
Expected ||[0-9]|[a-z]|( but saw .77&lt;EOIN&gt;
	at lib6005.parser.Parser.parse(Parser.java:153)
	at expressivo.Expression.parse(Expression.java:42)
</error>

      </testcase>

      <testcase classname="expressivo.grader.ExpressivoTest" name="testDifferentiate_dx[decimal-fraction very small]" time="0.006" />

      <testcase classname="expressivo.grader.ExpressivoTest" name="testDifferentiate_dy[decimal-fraction very small]" time="0.006" />

      <testcase classname="expressivo.grader.ExpressivoTest" name="testParse[decimal-fraction very small]" time="0.009">
          <error message="invalid Expression.toString (staff parser could not parse)" type="java.lang.RuntimeException">java.lang.RuntimeException: invalid Expression.toString (staff parser could not parse)
	at expressivo.grader.ExpressivoTest.testParse(ExpressivoTest.java:100)
Caused by: expressivo.staff.SyntaxError: Character 3: expected end_of_input, got E in expression &quot;1.0E-6&quot;
	at expressivo.staff.Parser.parse(Parser.java:23)
	at expressivo.staff.Parser.parse(Parser.java:13)
	at expressivo.grader.ExpressivoTest.testParse(ExpressivoTest.java:98)
Caused by: expressivo.staff.SyntaxError: Character 3: expected end_of_input, got E
	at expressivo.staff.Parser.eat(Parser.java:129)
	at expressivo.staff.Parser.parse(Parser.java:48)
	at expressivo.staff.Parser.parse(Parser.java:21)
</error>

      </testcase>

      <testcase classname="expressivo.grader.ExpressivoTest" name="testSimplify_xyz[decimal-fraction very small]" time="0.011">
          <error message="invalid simplified expression (staff parser could not parse)" type="java.lang.RuntimeException">java.lang.RuntimeException: invalid simplified expression (staff parser could not parse)
	at expressivo.grader.ExpressivoTest.testSimplify_xyz(ExpressivoTest.java:159)
Caused by: expressivo.staff.SyntaxError: Character 3: expected end_of_input, got E in expression &quot;1.0E-6&quot;
	at expressivo.staff.Parser.parse(Parser.java:23)
	at expressivo.staff.Parser.parse(Parser.java:13)
	at expressivo.grader.ExpressivoTest.testSimplify_xyz(ExpressivoTest.java:157)
Caused by: expressivo.staff.SyntaxError: Character 3: expected end_of_input, got E
	at expressivo.staff.Parser.eat(Parser.java:129)
	at expressivo.staff.Parser.parse(Parser.java:48)
	at expressivo.staff.Parser.parse(Parser.java:21)
</error>

      </testcase>

      <testcase classname="expressivo.grader.ExpressivoTest" name="testDifferentiate_dx[integer very large]" time="0.008" />

      <testcase classname="expressivo.grader.ExpressivoTest" name="testDifferentiate_dy[integer very large]" time="0.008" />

      <testcase classname="expressivo.grader.ExpressivoTest" name="testParse[integer very large]" time="0.009">
          <error message="invalid Expression.toString (staff parser could not parse)" type="java.lang.RuntimeException">java.lang.RuntimeException: invalid Expression.toString (staff parser could not parse)
	at expressivo.grader.ExpressivoTest.testParse(ExpressivoTest.java:100)
Caused by: expressivo.staff.SyntaxError: Character 17: expected end_of_input, got E in expression &quot;9.007199254740992E15&quot;
	at expressivo.staff.Parser.parse(Parser.java:23)
	at expressivo.staff.Parser.parse(Parser.java:13)
	at expressivo.grader.ExpressivoTest.testParse(ExpressivoTest.java:98)
Caused by: expressivo.staff.SyntaxError: Character 17: expected end_of_input, got E
	at expressivo.staff.Parser.eat(Parser.java:129)
	at expressivo.staff.Parser.parse(Parser.java:48)
	at expressivo.staff.Parser.parse(Parser.java:21)
</error>

      </testcase>

      <testcase classname="expressivo.grader.ExpressivoTest" name="testSimplify_xyz[integer very large]" time="0.009">
          <error message="invalid simplified expression (staff parser could not parse)" type="java.lang.RuntimeException">java.lang.RuntimeException: invalid simplified expression (staff parser could not parse)
	at expressivo.grader.ExpressivoTest.testSimplify_xyz(ExpressivoTest.java:159)
Caused by: expressivo.staff.SyntaxError: Character 17: expected end_of_input, got E in expression &quot;9.007199254740992E15&quot;
	at expressivo.staff.Parser.parse(Parser.java:23)
	at expressivo.staff.Parser.parse(Parser.java:13)
	at expressivo.grader.ExpressivoTest.testSimplify_xyz(ExpressivoTest.java:157)
Caused by: expressivo.staff.SyntaxError: Character 17: expected end_of_input, got E
	at expressivo.staff.Parser.eat(Parser.java:129)
	at expressivo.staff.Parser.parse(Parser.java:48)
	at expressivo.staff.Parser.parse(Parser.java:21)
</error>

      </testcase>

      <testcase classname="expressivo.grader.ExpressivoTest" name="testDifferentiate_dx[x]" time="0.008" />

      <testcase classname="expressivo.grader.ExpressivoTest" name="testDifferentiate_dy[x]" time="0.007" />

      <testcase classname="expressivo.grader.ExpressivoTest" name="testParse[x]" time="0.02" />

      <testcase classname="expressivo.grader.ExpressivoTest" name="testSimplify_xyz[x]" time="0.006" />

      <testcase classname="expressivo.grader.ExpressivoTest" name="testDifferentiate_dx[y]" time="0.003" />

      <testcase classname="expressivo.grader.ExpressivoTest" name="testDifferentiate_dy[y]" time="0.004" />

      <testcase classname="expressivo.grader.ExpressivoTest" name="testParse[y]" time="0.004" />

      <testcase classname="expressivo.grader.ExpressivoTest" name="testSimplify_xyz[y]" time="0.004" />

      <testcase classname="expressivo.grader.ExpressivoTest" name="testDifferentiate_dx[other variable]" time="0.003" />

      <testcase classname="expressivo.grader.ExpressivoTest" name="testDifferentiate_dy[other variable]" time="0.004" />

      <testcase classname="expressivo.grader.ExpressivoTest" name="testParse[other variable]" time="0.005" />

      <testcase classname="expressivo.grader.ExpressivoTest" name="testSimplify_xyz[other variable]" time="0.017" />

      <testcase classname="expressivo.grader.ExpressivoTest" name="testDifferentiate_dx[variable with parens]" time="0.008" />

      <testcase classname="expressivo.grader.ExpressivoTest" name="testDifferentiate_dy[variable with parens]" time="0.005" />

      <testcase classname="expressivo.grader.ExpressivoTest" name="testParse[variable with parens]" time="0.007" />

      <testcase classname="expressivo.grader.ExpressivoTest" name="testSimplify_xyz[variable with parens]" time="0.006" />

      <testcase classname="expressivo.grader.ExpressivoTest" name="testDifferentiate_dx[variable with extra parens]" time="0.006" />

      <testcase classname="expressivo.grader.ExpressivoTest" name="testDifferentiate_dy[variable with extra parens]" time="0.006" />

      <testcase classname="expressivo.grader.ExpressivoTest" name="testParse[variable with extra parens]" time="0.006" />

      <testcase classname="expressivo.grader.ExpressivoTest" name="testSimplify_xyz[variable with extra parens]" time="0.005" />

      <testcase classname="expressivo.grader.ExpressivoTest" name="testDifferentiate_dx[add]" time="0.006" />

      <testcase classname="expressivo.grader.ExpressivoTest" name="testDifferentiate_dy[add]" time="0.005" />

      <testcase classname="expressivo.grader.ExpressivoTest" name="testParse[add]" time="0.006" />

      <testcase classname="expressivo.grader.ExpressivoTest" name="testSimplify_xyz[add]" time="0.005" />

      <testcase classname="expressivo.grader.ExpressivoTest" name="testDifferentiate_dx[add with extra parens]" time="0.009" />

      <testcase classname="expressivo.grader.ExpressivoTest" name="testDifferentiate_dy[add with extra parens]" time="0.01" />

      <testcase classname="expressivo.grader.ExpressivoTest" name="testParse[add with extra parens]" time="0.01" />

      <testcase classname="expressivo.grader.ExpressivoTest" name="testSimplify_xyz[add with extra parens]" time="0.012" />

      <testcase classname="expressivo.grader.ExpressivoTest" name="testDifferentiate_dx[times]" time="0.014" />

      <testcase classname="expressivo.grader.ExpressivoTest" name="testDifferentiate_dy[times]" time="0.024" />

      <testcase classname="expressivo.grader.ExpressivoTest" name="testParse[times]" time="0.017" />

      <testcase classname="expressivo.grader.ExpressivoTest" name="testSimplify_xyz[times]" time="0.013" />

      <testcase classname="expressivo.grader.ExpressivoTest" name="testDifferentiate_dx[times with extra parens]" time="0.012" />

      <testcase classname="expressivo.grader.ExpressivoTest" name="testDifferentiate_dy[times with extra parens]" time="0.011" />

      <testcase classname="expressivo.grader.ExpressivoTest" name="testParse[times with extra parens]" time="0.011" />

      <testcase classname="expressivo.grader.ExpressivoTest" name="testSimplify_xyz[times with extra parens]" time="0.008" />

      <testcase classname="expressivo.grader.ExpressivoTest" name="testDifferentiate_dx[* ( * )]" time="0.005" />

      <testcase classname="expressivo.grader.ExpressivoTest" name="testDifferentiate_dy[* ( * )]" time="0.005" />

      <testcase classname="expressivo.grader.ExpressivoTest" name="testParse[* ( * )]" time="0.007" />

      <testcase classname="expressivo.grader.ExpressivoTest" name="testSimplify_xyz[* ( * )]" time="0.005" />

      <testcase classname="expressivo.grader.ExpressivoTest" name="testDifferentiate_dx[( * ) *]" time="0.005" />

      <testcase classname="expressivo.grader.ExpressivoTest" name="testDifferentiate_dy[( * ) *]" time="0.006" />

      <testcase classname="expressivo.grader.ExpressivoTest" name="testParse[( * ) *]" time="0.005" />

      <testcase classname="expressivo.grader.ExpressivoTest" name="testSimplify_xyz[( * ) *]" time="0.006" />

      <testcase classname="expressivo.grader.ExpressivoTest" name="testDifferentiate_dx[( * ) * ( * )]" time="0.006" />

      <testcase classname="expressivo.grader.ExpressivoTest" name="testDifferentiate_dy[( * ) * ( * )]" time="0.007" />

      <testcase classname="expressivo.grader.ExpressivoTest" name="testParse[( * ) * ( * )]" time="0.004" />

      <testcase classname="expressivo.grader.ExpressivoTest" name="testSimplify_xyz[( * ) * ( * )]" time="0.005" />

      <testcase classname="expressivo.grader.ExpressivoTest" name="testDifferentiate_dx[* * * * *]" time="0.007" />

      <testcase classname="expressivo.grader.ExpressivoTest" name="testDifferentiate_dy[* * * * *]" time="0.004" />

      <testcase classname="expressivo.grader.ExpressivoTest" name="testParse[* * * * *]" time="0.005" />

      <testcase classname="expressivo.grader.ExpressivoTest" name="testSimplify_xyz[* * * * *]" time="0.005" />

      <testcase classname="expressivo.grader.ExpressivoTest" name="testDifferentiate_dx[integers add]" time="0.005" />

      <testcase classname="expressivo.grader.ExpressivoTest" name="testDifferentiate_dy[integers add]" time="0.005" />

      <testcase classname="expressivo.grader.ExpressivoTest" name="testParse[integers add]" time="0.004" />

      <testcase classname="expressivo.grader.ExpressivoTest" name="testSimplify_xyz[integers add]" time="0.004" />

      <testcase classname="expressivo.grader.ExpressivoTest" name="testDifferentiate_dx[integers times]" time="0.005" />

      <testcase classname="expressivo.grader.ExpressivoTest" name="testDifferentiate_dy[integers times]" time="0.006" />

      <testcase classname="expressivo.grader.ExpressivoTest" name="testParse[integers times]" time="0.004" />

      <testcase classname="expressivo.grader.ExpressivoTest" name="testSimplify_xyz[integers times]" time="0.004" />

      <testcase classname="expressivo.grader.ExpressivoTest" name="testDifferentiate_dx[integers with various ops]" time="0.0" />

      <testcase classname="expressivo.grader.ExpressivoTest" name="testDifferentiate_dy[integers with various ops]" time="0.0" />

      <testcase classname="expressivo.grader.ExpressivoTest" name="testParse[integers with various ops]" time="0.005" />

      <testcase classname="expressivo.grader.ExpressivoTest" name="testSimplify_xyz[integers with various ops]" time="0.003" />

      <testcase classname="expressivo.grader.ExpressivoTest" name="testDifferentiate_dx[decimal-fractions add]" time="0.005" />

      <testcase classname="expressivo.grader.ExpressivoTest" name="testDifferentiate_dy[decimal-fractions add]" time="0.003" />

      <testcase classname="expressivo.grader.ExpressivoTest" name="testParse[decimal-fractions add]" time="0.005" />

      <testcase classname="expressivo.grader.ExpressivoTest" name="testSimplify_xyz[decimal-fractions add]" time="0.006" />

      <testcase classname="expressivo.grader.ExpressivoTest" name="testDifferentiate_dx[decimal-fractions times]" time="0.004" />

      <testcase classname="expressivo.grader.ExpressivoTest" name="testDifferentiate_dy[decimal-fractions times]" time="0.004" />

      <testcase classname="expressivo.grader.ExpressivoTest" name="testParse[decimal-fractions times]" time="0.006" />

      <testcase classname="expressivo.grader.ExpressivoTest" name="testSimplify_xyz[decimal-fractions times]" time="0.003" />

      <testcase classname="expressivo.grader.ExpressivoTest" name="testDifferentiate_dx[decimal-fractions with various ops]" time="0.005" />

      <testcase classname="expressivo.grader.ExpressivoTest" name="testDifferentiate_dy[decimal-fractions with various ops]" time="0.003" />

      <testcase classname="expressivo.grader.ExpressivoTest" name="testParse[decimal-fractions with various ops]" time="0.003" />

      <testcase classname="expressivo.grader.ExpressivoTest" name="testSimplify_xyz[decimal-fractions with various ops]" time="0.004" />

      <testcase classname="expressivo.grader.ExpressivoTest" name="testDifferentiate_dx[decimal-fractions integers add]" time="0.003" />

      <testcase classname="expressivo.grader.ExpressivoTest" name="testDifferentiate_dy[decimal-fractions integers add]" time="0.003" />

      <testcase classname="expressivo.grader.ExpressivoTest" name="testParse[decimal-fractions integers add]" time="0.006" />

      <testcase classname="expressivo.grader.ExpressivoTest" name="testSimplify_xyz[decimal-fractions integers add]" time="0.006" />

      <testcase classname="expressivo.grader.ExpressivoTest" name="testDifferentiate_dx[decimal-fractions integers times]" time="0.006" />

      <testcase classname="expressivo.grader.ExpressivoTest" name="testDifferentiate_dy[decimal-fractions integers times]" time="0.004" />

      <testcase classname="expressivo.grader.ExpressivoTest" name="testParse[decimal-fractions integers times]" time="0.008" />

      <testcase classname="expressivo.grader.ExpressivoTest" name="testSimplify_xyz[decimal-fractions integers times]" time="0.008" />

      <testcase classname="expressivo.grader.ExpressivoTest" name="testDifferentiate_dx[decimal-fractions integers with various ops]" time="0.001" />

      <testcase classname="expressivo.grader.ExpressivoTest" name="testDifferentiate_dy[decimal-fractions integers with various ops]" time="0.0" />

      <testcase classname="expressivo.grader.ExpressivoTest" name="testParse[decimal-fractions integers with various ops]" time="0.008" />

      <testcase classname="expressivo.grader.ExpressivoTest" name="testSimplify_xyz[decimal-fractions integers with various ops]" time="0.019" />

      <testcase classname="expressivo.grader.ExpressivoTest" name="testDifferentiate_dx[various variable names]" time="0.01">
          <error message="error calling differentiate()" type="java.lang.RuntimeException">java.lang.RuntimeException: error calling differentiate()
	at expressivo.grader.ExpressivoTest.testDifferentiate_dx(ExpressivoTest.java:113)
Caused by: java.lang.IllegalArgumentException: lib6005.parser.UnableToParseException: Only parsed up to line 1 col 23 the rest of the input did not parse
String does not match grammar 
Error in line 1 col 23
Expected [ ] but saw * HeLlOwOrLd * x&lt;EOIN&gt;
	at expressivo.Expression.parse(Expression.java:46)
	at expressivo.Commands.differentiate(Commands.java:28)
	at expressivo.grader.ExpressivoTest.testDifferentiate_dx(ExpressivoTest.java:111)
Caused by: lib6005.parser.UnableToParseException: Only parsed up to line 1 col 23 the rest of the input did not parse
String does not match grammar 
Error in line 1 col 23
Expected [ ] but saw * HeLlOwOrLd * x&lt;EOIN&gt;
	at lib6005.parser.Parser.parse(Parser.java:160)
	at expressivo.Expression.parse(Expression.java:42)
</error>

      </testcase>

      <testcase classname="expressivo.grader.ExpressivoTest" name="testDifferentiate_dy[various variable names]" time="0.011">
          <error message="error calling differentiate()" type="java.lang.RuntimeException">java.lang.RuntimeException: error calling differentiate()
	at expressivo.grader.ExpressivoTest.testDifferentiate_dy(ExpressivoTest.java:131)
Caused by: java.lang.IllegalArgumentException: lib6005.parser.UnableToParseException: Only parsed up to line 1 col 23 the rest of the input did not parse
String does not match grammar 
Error in line 1 col 23
Expected [ ] but saw * HeLlOwOrLd * x&lt;EOIN&gt;
	at expressivo.Expression.parse(Expression.java:46)
	at expressivo.Commands.differentiate(Commands.java:28)
	at expressivo.grader.ExpressivoTest.testDifferentiate_dy(ExpressivoTest.java:129)
Caused by: lib6005.parser.UnableToParseException: Only parsed up to line 1 col 23 the rest of the input did not parse
String does not match grammar 
Error in line 1 col 23
Expected [ ] but saw * HeLlOwOrLd * x&lt;EOIN&gt;
	at lib6005.parser.Parser.parse(Parser.java:160)
	at expressivo.Expression.parse(Expression.java:42)
</error>

      </testcase>

      <testcase classname="expressivo.grader.ExpressivoTest" name="testParse[various variable names]" time="0.008">
          <error message="error calling parse()" type="java.lang.RuntimeException">java.lang.RuntimeException: error calling parse()
	at expressivo.grader.ExpressivoTest.testParse(ExpressivoTest.java:95)
Caused by: java.lang.IllegalArgumentException: lib6005.parser.UnableToParseException: Only parsed up to line 1 col 23 the rest of the input did not parse
String does not match grammar 
Error in line 1 col 23
Expected [ ] but saw * HeLlOwOrLd * x&lt;EOIN&gt;
	at expressivo.Expression.parse(Expression.java:46)
	at expressivo.grader.ExpressivoTest.testParse(ExpressivoTest.java:93)
Caused by: lib6005.parser.UnableToParseException: Only parsed up to line 1 col 23 the rest of the input did not parse
String does not match grammar 
Error in line 1 col 23
Expected [ ] but saw * HeLlOwOrLd * x&lt;EOIN&gt;
	at lib6005.parser.Parser.parse(Parser.java:160)
	at expressivo.Expression.parse(Expression.java:42)
</error>

      </testcase>

      <testcase classname="expressivo.grader.ExpressivoTest" name="testSimplify_xyz[various variable names]" time="0.01">
          <error message="error calling simplify()" type="java.lang.RuntimeException">java.lang.RuntimeException: error calling simplify()
	at expressivo.grader.ExpressivoTest.testSimplify_xyz(ExpressivoTest.java:154)
Caused by: java.lang.IllegalArgumentException: lib6005.parser.UnableToParseException: Only parsed up to line 1 col 23 the rest of the input did not parse
String does not match grammar 
Error in line 1 col 23
Expected [ ] but saw * HeLlOwOrLd * x&lt;EOIN&gt;
	at expressivo.Expression.parse(Expression.java:46)
	at expressivo.Commands.simplify(Commands.java:46)
	at expressivo.grader.ExpressivoTest.testSimplify_xyz(ExpressivoTest.java:152)
Caused by: lib6005.parser.UnableToParseException: Only parsed up to line 1 col 23 the rest of the input did not parse
String does not match grammar 
Error in line 1 col 23
Expected [ ] but saw * HeLlOwOrLd * x&lt;EOIN&gt;
	at lib6005.parser.Parser.parse(Parser.java:160)
	at expressivo.Expression.parse(Expression.java:42)
</error>

      </testcase>

      <testcase classname="expressivo.grader.ExpressivoTest" name="testDifferentiate_dx[nested left]" time="0.0" />

      <testcase classname="expressivo.grader.ExpressivoTest" name="testDifferentiate_dy[nested left]" time="0.0" />

      <testcase classname="expressivo.grader.ExpressivoTest" name="testParse[nested left]" time="0.01" />

      <testcase classname="expressivo.grader.ExpressivoTest" name="testSimplify_xyz[nested left]" time="0.019" />

      <testcase classname="expressivo.grader.ExpressivoTest" name="testDifferentiate_dx[nested center]" time="0.0" />

      <testcase classname="expressivo.grader.ExpressivoTest" name="testDifferentiate_dy[nested center]" time="0.0" />

      <testcase classname="expressivo.grader.ExpressivoTest" name="testParse[nested center]" time="0.01" />

      <testcase classname="expressivo.grader.ExpressivoTest" name="testSimplify_xyz[nested center]" time="0.01" />

      <testcase classname="expressivo.grader.ExpressivoTest" name="testDifferentiate_dx[nested right]" time="0.001" />

      <testcase classname="expressivo.grader.ExpressivoTest" name="testDifferentiate_dy[nested right]" time="0.0" />

      <testcase classname="expressivo.grader.ExpressivoTest" name="testParse[nested right]" time="0.01" />

      <testcase classname="expressivo.grader.ExpressivoTest" name="testSimplify_xyz[nested right]" time="0.007" />

      <testcase classname="expressivo.grader.ExpressivoTest" name="testDifferentiate_dx[nested balanced]" time="0.0" />

      <testcase classname="expressivo.grader.ExpressivoTest" name="testDifferentiate_dy[nested balanced]" time="0.0" />

      <testcase classname="expressivo.grader.ExpressivoTest" name="testParse[nested balanced]" time="0.006" />

      <testcase classname="expressivo.grader.ExpressivoTest" name="testSimplify_xyz[nested balanced]" time="0.007" />

      <testcase classname="expressivo.grader.ExpressivoTest" name="testDifferentiate_dx[polynomial in x/y/z]" time="0.0" />

      <testcase classname="expressivo.grader.ExpressivoTest" name="testDifferentiate_dy[polynomial in x/y/z]" time="0.0" />

      <testcase classname="expressivo.grader.ExpressivoTest" name="testParse[polynomial in x/y/z]" time="0.006" />

      <testcase classname="expressivo.grader.ExpressivoTest" name="testSimplify_xyz[polynomial in x/y/z]" time="0.004" />

      <testcase classname="expressivo.grader.ExpressivoTest" name="testDifferentiate_dx[polynomial in x/y/z with extra parens]" time="0.0" />

      <testcase classname="expressivo.grader.ExpressivoTest" name="testDifferentiate_dy[polynomial in x/y/z with extra parens]" time="0.0" />

      <testcase classname="expressivo.grader.ExpressivoTest" name="testParse[polynomial in x/y/z with extra parens]" time="0.007" />

      <testcase classname="expressivo.grader.ExpressivoTest" name="testSimplify_xyz[polynomial in x/y/z with extra parens]" time="0.008" />

      <testcase classname="expressivo.grader.ExpressivoTest" name="testDifferentiate_dx[polynomial in x/y/z and various other variables]" time="0.0" />

      <testcase classname="expressivo.grader.ExpressivoTest" name="testDifferentiate_dy[polynomial in x/y/z and various other variables]" time="0.0" />

      <testcase classname="expressivo.grader.ExpressivoTest" name="testParse[polynomial in x/y/z and various other variables]" time="0.005">
          <error message="error calling parse()" type="java.lang.RuntimeException">java.lang.RuntimeException: error calling parse()
	at expressivo.grader.ExpressivoTest.testParse(ExpressivoTest.java:95)
Caused by: java.lang.IllegalArgumentException: lib6005.parser.UnableToParseException: String does not match grammar 
Error in line 1 col 0
Expected ||[0-9]|[a-z]|||[0-9]|[a-z]|||[0-9]|[a-z]|) but saw ((((4.0 * variable) * (x + TiMiThY)) + timithy) * ((timtim * x) + (JackOfSpades * jamoozywashere)))&lt;EOIN&gt;
	at expressivo.Expression.parse(Expression.java:46)
	at expressivo.grader.ExpressivoTest.testParse(ExpressivoTest.java:93)
Caused by: lib6005.parser.UnableToParseException: String does not match grammar 
Error in line 1 col 0
Expected ||[0-9]|[a-z]|||[0-9]|[a-z]|||[0-9]|[a-z]|) but saw ((((4.0 * variable) * (x + TiMiThY)) + timithy) * ((timtim * x) + (JackOfSpades * jamoozywashere)))&lt;EOIN&gt;
	at lib6005.parser.Parser.parse(Parser.java:153)
	at expressivo.Expression.parse(Expression.java:42)
</error>

      </testcase>

      <testcase classname="expressivo.grader.ExpressivoTest" name="testSimplify_xyz[polynomial in x/y/z and various other variables]" time="0.006">
          <error message="error calling simplify()" type="java.lang.RuntimeException">java.lang.RuntimeException: error calling simplify()
	at expressivo.grader.ExpressivoTest.testSimplify_xyz(ExpressivoTest.java:154)
Caused by: java.lang.IllegalArgumentException: lib6005.parser.UnableToParseException: String does not match grammar 
Error in line 1 col 0
Expected ||[0-9]|[a-z]|||[0-9]|[a-z]|||[0-9]|[a-z]|) but saw ((((4.0 * variable) * (x + TiMiThY)) + timithy) * ((timtim * x) + (JackOfSpades * jamoozywashere)))&lt;EOIN&gt;
	at expressivo.Expression.parse(Expression.java:46)
	at expressivo.Commands.simplify(Commands.java:46)
	at expressivo.grader.ExpressivoTest.testSimplify_xyz(ExpressivoTest.java:152)
Caused by: lib6005.parser.UnableToParseException: String does not match grammar 
Error in line 1 col 0
Expected ||[0-9]|[a-z]|||[0-9]|[a-z]|||[0-9]|[a-z]|) but saw ((((4.0 * variable) * (x + TiMiThY)) + timithy) * ((timtim * x) + (JackOfSpades * jamoozywashere)))&lt;EOIN&gt;
	at lib6005.parser.Parser.parse(Parser.java:153)
	at expressivo.Expression.parse(Expression.java:42)
</error>

      </testcase>

      <system-out><![CDATA[x
x
y
y
letterzed
letterzed
x
x
x
x
x
x
x
x
x
x
x
x
x
x
x
x
x
x
x
x
x
x
x
x
x
x
x
x
x
x
x
x
y
y
x
x
y
y
x
x
x
z
z
y
y
x
x
x
z
z
y
y
x
x
x
x
x
x
x
x
x
x
x
x
x
x
x
x
]]></system-out>

      <system-err><![CDATA[lib6005.parser.UnableToParseException: String does not match grammar 
Error in line 1 col 0
Expected ||[0-9]|[a-z]|( but saw .77<EOIN>
	at lib6005.parser.Parser.parse(Parser.java:153)
	at expressivo.Expression.parse(Expression.java:42)
	at expressivo.Commands.differentiate(Commands.java:28)
	at expressivo.grader.ExpressivoTest.testDifferentiate_dx(ExpressivoTest.java:111)
	at sun.reflect.NativeMethodAccessorImpl.invoke0(Native Method)
	at sun.reflect.NativeMethodAccessorImpl.invoke(NativeMethodAccessorImpl.java:62)
	at sun.reflect.DelegatingMethodAccessorImpl.invoke(DelegatingMethodAccessorImpl.java:43)
	at java.lang.reflect.Method.invoke(Method.java:498)
	at org.junit.runners.model.FrameworkMethod$1.runReflectiveCall(FrameworkMethod.java:50)
	at org.junit.internal.runners.model.ReflectiveCallable.run(ReflectiveCallable.java:12)
	at org.junit.runners.model.FrameworkMethod.invokeExplosively(FrameworkMethod.java:47)
	at org.junit.internal.runners.statements.InvokeMethod.evaluate(InvokeMethod.java:17)
	at org.junit.runners.ParentRunner.runLeaf(ParentRunner.java:325)
	at org.junit.runners.BlockJUnit4ClassRunner.runChild(BlockJUnit4ClassRunner.java:78)
	at org.junit.runners.BlockJUnit4ClassRunner.runChild(BlockJUnit4ClassRunner.java:57)
	at org.junit.runners.ParentRunner$3.run(ParentRunner.java:290)
	at org.junit.runners.ParentRunner$1.schedule(ParentRunner.java:71)
	at org.junit.runners.ParentRunner.runChildren(ParentRunner.java:288)
	at org.junit.runners.ParentRunner.access$000(ParentRunner.java:58)
	at org.junit.runners.ParentRunner$2.evaluate(ParentRunner.java:268)
	at org.junit.runners.ParentRunner.run(ParentRunner.java:363)
	at org.junit.runners.Suite.runChild(Suite.java:128)
	at org.junit.runners.Suite.runChild(Suite.java:27)
	at org.junit.runners.ParentRunner$3.run(ParentRunner.java:290)
	at org.junit.runners.ParentRunner$1.schedule(ParentRunner.java:71)
	at org.junit.runners.ParentRunner.runChildren(ParentRunner.java:288)
	at org.junit.runners.ParentRunner.access$000(ParentRunner.java:58)
	at org.junit.runners.ParentRunner$2.evaluate(ParentRunner.java:268)
	at org.junit.runners.ParentRunner.run(ParentRunner.java:363)
	at junit.framework.JUnit4TestAdapter.run(JUnit4TestAdapter.java:38)
	at org.apache.tools.ant.taskdefs.optional.junit.JUnitTestRunner.run(JUnitTestRunner.java:535)
	at org.apache.tools.ant.taskdefs.optional.junit.JUnitTestRunner.launch(JUnitTestRunner.java:1182)
	at org.apache.tools.ant.taskdefs.optional.junit.JUnitTestRunner.main(JUnitTestRunner.java:1033)
lib6005.parser.UnableToParseException: String does not match grammar 
Error in line 1 col 0
Expected ||[0-9]|[a-z]|( but saw .77<EOIN>
	at lib6005.parser.Parser.parse(Parser.java:153)
	at expressivo.Expression.parse(Expression.java:42)
	at expressivo.Commands.differentiate(Commands.java:28)
	at expressivo.grader.ExpressivoTest.testDifferentiate_dy(ExpressivoTest.java:129)
	at sun.reflect.NativeMethodAccessorImpl.invoke0(Native Method)
	at sun.reflect.NativeMethodAccessorImpl.invoke(NativeMethodAccessorImpl.java:62)
	at sun.reflect.DelegatingMethodAccessorImpl.invoke(DelegatingMethodAccessorImpl.java:43)
	at java.lang.reflect.Method.invoke(Method.java:498)
	at org.junit.runners.model.FrameworkMethod$1.runReflectiveCall(FrameworkMethod.java:50)
	at org.junit.internal.runners.model.ReflectiveCallable.run(ReflectiveCallable.java:12)
	at org.junit.runners.model.FrameworkMethod.invokeExplosively(FrameworkMethod.java:47)
	at org.junit.internal.runners.statements.InvokeMethod.evaluate(InvokeMethod.java:17)
	at org.junit.runners.ParentRunner.runLeaf(ParentRunner.java:325)
	at org.junit.runners.BlockJUnit4ClassRunner.runChild(BlockJUnit4ClassRunner.java:78)
	at org.junit.runners.BlockJUnit4ClassRunner.runChild(BlockJUnit4ClassRunner.java:57)
	at org.junit.runners.ParentRunner$3.run(ParentRunner.java:290)
	at org.junit.runners.ParentRunner$1.schedule(ParentRunner.java:71)
	at org.junit.runners.ParentRunner.runChildren(ParentRunner.java:288)
	at org.junit.runners.ParentRunner.access$000(ParentRunner.java:58)
	at org.junit.runners.ParentRunner$2.evaluate(ParentRunner.java:268)
	at org.junit.runners.ParentRunner.run(ParentRunner.java:363)
	at org.junit.runners.Suite.runChild(Suite.java:128)
	at org.junit.runners.Suite.runChild(Suite.java:27)
	at org.junit.runners.ParentRunner$3.run(ParentRunner.java:290)
	at org.junit.runners.ParentRunner$1.schedule(ParentRunner.java:71)
	at org.junit.runners.ParentRunner.runChildren(ParentRunner.java:288)
	at org.junit.runners.ParentRunner.access$000(ParentRunner.java:58)
	at org.junit.runners.ParentRunner$2.evaluate(ParentRunner.java:268)
	at org.junit.runners.ParentRunner.run(ParentRunner.java:363)
	at junit.framework.JUnit4TestAdapter.run(JUnit4TestAdapter.java:38)
	at org.apache.tools.ant.taskdefs.optional.junit.JUnitTestRunner.run(JUnitTestRunner.java:535)
	at org.apache.tools.ant.taskdefs.optional.junit.JUnitTestRunner.launch(JUnitTestRunner.java:1182)
	at org.apache.tools.ant.taskdefs.optional.junit.JUnitTestRunner.main(JUnitTestRunner.java:1033)
lib6005.parser.UnableToParseException: String does not match grammar 
Error in line 1 col 0
Expected ||[0-9]|[a-z]|( but saw .77<EOIN>
	at lib6005.parser.Parser.parse(Parser.java:153)
	at expressivo.Expression.parse(Expression.java:42)
	at expressivo.grader.ExpressivoTest.testParse(ExpressivoTest.java:93)
	at sun.reflect.NativeMethodAccessorImpl.invoke0(Native Method)
	at sun.reflect.NativeMethodAccessorImpl.invoke(NativeMethodAccessorImpl.java:62)
	at sun.reflect.DelegatingMethodAccessorImpl.invoke(DelegatingMethodAccessorImpl.java:43)
	at java.lang.reflect.Method.invoke(Method.java:498)
	at org.junit.runners.model.FrameworkMethod$1.runReflectiveCall(FrameworkMethod.java:50)
	at org.junit.internal.runners.model.ReflectiveCallable.run(ReflectiveCallable.java:12)
	at org.junit.runners.model.FrameworkMethod.invokeExplosively(FrameworkMethod.java:47)
	at org.junit.internal.runners.statements.InvokeMethod.evaluate(InvokeMethod.java:17)
	at org.junit.runners.ParentRunner.runLeaf(ParentRunner.java:325)
	at org.junit.runners.BlockJUnit4ClassRunner.runChild(BlockJUnit4ClassRunner.java:78)
	at org.junit.runners.BlockJUnit4ClassRunner.runChild(BlockJUnit4ClassRunner.java:57)
	at org.junit.runners.ParentRunner$3.run(ParentRunner.java:290)
	at org.junit.runners.ParentRunner$1.schedule(ParentRunner.java:71)
	at org.junit.runners.ParentRunner.runChildren(ParentRunner.java:288)
	at org.junit.runners.ParentRunner.access$000(ParentRunner.java:58)
	at org.junit.runners.ParentRunner$2.evaluate(ParentRunner.java:268)
	at org.junit.runners.ParentRunner.run(ParentRunner.java:363)
	at org.junit.runners.Suite.runChild(Suite.java:128)
	at org.junit.runners.Suite.runChild(Suite.java:27)
	at org.junit.runners.ParentRunner$3.run(ParentRunner.java:290)
	at org.junit.runners.ParentRunner$1.schedule(ParentRunner.java:71)
	at org.junit.runners.ParentRunner.runChildren(ParentRunner.java:288)
	at org.junit.runners.ParentRunner.access$000(ParentRunner.java:58)
	at org.junit.runners.ParentRunner$2.evaluate(ParentRunner.java:268)
	at org.junit.runners.ParentRunner.run(ParentRunner.java:363)
	at junit.framework.JUnit4TestAdapter.run(JUnit4TestAdapter.java:38)
	at org.apache.tools.ant.taskdefs.optional.junit.JUnitTestRunner.run(JUnitTestRunner.java:535)
	at org.apache.tools.ant.taskdefs.optional.junit.JUnitTestRunner.launch(JUnitTestRunner.java:1182)
	at org.apache.tools.ant.taskdefs.optional.junit.JUnitTestRunner.main(JUnitTestRunner.java:1033)
lib6005.parser.UnableToParseException: String does not match grammar 
Error in line 1 col 0
Expected ||[0-9]|[a-z]|( but saw .77<EOIN>
	at lib6005.parser.Parser.parse(Parser.java:153)
	at expressivo.Expression.parse(Expression.java:42)
	at expressivo.Commands.simplify(Commands.java:46)
	at expressivo.grader.ExpressivoTest.testSimplify_xyz(ExpressivoTest.java:152)
	at sun.reflect.NativeMethodAccessorImpl.invoke0(Native Method)
	at sun.reflect.NativeMethodAccessorImpl.invoke(NativeMethodAccessorImpl.java:62)
	at sun.reflect.DelegatingMethodAccessorImpl.invoke(DelegatingMethodAccessorImpl.java:43)
	at java.lang.reflect.Method.invoke(Method.java:498)
	at org.junit.runners.model.FrameworkMethod$1.runReflectiveCall(FrameworkMethod.java:50)
	at org.junit.internal.runners.model.ReflectiveCallable.run(ReflectiveCallable.java:12)
	at org.junit.runners.model.FrameworkMethod.invokeExplosively(FrameworkMethod.java:47)
	at org.junit.internal.runners.statements.InvokeMethod.evaluate(InvokeMethod.java:17)
	at org.junit.runners.ParentRunner.runLeaf(ParentRunner.java:325)
	at org.junit.runners.BlockJUnit4ClassRunner.runChild(BlockJUnit4ClassRunner.java:78)
	at org.junit.runners.BlockJUnit4ClassRunner.runChild(BlockJUnit4ClassRunner.java:57)
	at org.junit.runners.ParentRunner$3.run(ParentRunner.java:290)
	at org.junit.runners.ParentRunner$1.schedule(ParentRunner.java:71)
	at org.junit.runners.ParentRunner.runChildren(ParentRunner.java:288)
	at org.junit.runners.ParentRunner.access$000(ParentRunner.java:58)
	at org.junit.runners.ParentRunner$2.evaluate(ParentRunner.java:268)
	at org.junit.runners.ParentRunner.run(ParentRunner.java:363)
	at org.junit.runners.Suite.runChild(Suite.java:128)
	at org.junit.runners.Suite.runChild(Suite.java:27)
	at org.junit.runners.ParentRunner$3.run(ParentRunner.java:290)
	at org.junit.runners.ParentRunner$1.schedule(ParentRunner.java:71)
	at org.junit.runners.ParentRunner.runChildren(ParentRunner.java:288)
	at org.junit.runners.ParentRunner.access$000(ParentRunner.java:58)
	at org.junit.runners.ParentRunner$2.evaluate(ParentRunner.java:268)
	at org.junit.runners.ParentRunner.run(ParentRunner.java:363)
	at junit.framework.JUnit4TestAdapter.run(JUnit4TestAdapter.java:38)
	at org.apache.tools.ant.taskdefs.optional.junit.JUnitTestRunner.run(JUnitTestRunner.java:535)
	at org.apache.tools.ant.taskdefs.optional.junit.JUnitTestRunner.launch(JUnitTestRunner.java:1182)
	at org.apache.tools.ant.taskdefs.optional.junit.JUnitTestRunner.main(JUnitTestRunner.java:1033)
lib6005.parser.UnableToParseException: Only parsed up to line 1 col 23 the rest of the input did not parse
String does not match grammar 
Error in line 1 col 23
Expected [ ] but saw * HeLlOwOrLd * x<EOIN>
	at lib6005.parser.Parser.parse(Parser.java:160)
	at expressivo.Expression.parse(Expression.java:42)
	at expressivo.Commands.differentiate(Commands.java:28)
	at expressivo.grader.ExpressivoTest.testDifferentiate_dx(ExpressivoTest.java:111)
	at sun.reflect.GeneratedMethodAccessor1.invoke(Unknown Source)
	at sun.reflect.DelegatingMethodAccessorImpl.invoke(DelegatingMethodAccessorImpl.java:43)
	at java.lang.reflect.Method.invoke(Method.java:498)
	at org.junit.runners.model.FrameworkMethod$1.runReflectiveCall(FrameworkMethod.java:50)
	at org.junit.internal.runners.model.ReflectiveCallable.run(ReflectiveCallable.java:12)
	at org.junit.runners.model.FrameworkMethod.invokeExplosively(FrameworkMethod.java:47)
	at org.junit.internal.runners.statements.InvokeMethod.evaluate(InvokeMethod.java:17)
	at org.junit.runners.ParentRunner.runLeaf(ParentRunner.java:325)
	at org.junit.runners.BlockJUnit4ClassRunner.runChild(BlockJUnit4ClassRunner.java:78)
	at org.junit.runners.BlockJUnit4ClassRunner.runChild(BlockJUnit4ClassRunner.java:57)
	at org.junit.runners.ParentRunner$3.run(ParentRunner.java:290)
	at org.junit.runners.ParentRunner$1.schedule(ParentRunner.java:71)
	at org.junit.runners.ParentRunner.runChildren(ParentRunner.java:288)
	at org.junit.runners.ParentRunner.access$000(ParentRunner.java:58)
	at org.junit.runners.ParentRunner$2.evaluate(ParentRunner.java:268)
	at org.junit.runners.ParentRunner.run(ParentRunner.java:363)
	at org.junit.runners.Suite.runChild(Suite.java:128)
	at org.junit.runners.Suite.runChild(Suite.java:27)
	at org.junit.runners.ParentRunner$3.run(ParentRunner.java:290)
	at org.junit.runners.ParentRunner$1.schedule(ParentRunner.java:71)
	at org.junit.runners.ParentRunner.runChildren(ParentRunner.java:288)
	at org.junit.runners.ParentRunner.access$000(ParentRunner.java:58)
	at org.junit.runners.ParentRunner$2.evaluate(ParentRunner.java:268)
	at org.junit.runners.ParentRunner.run(ParentRunner.java:363)
	at junit.framework.JUnit4TestAdapter.run(JUnit4TestAdapter.java:38)
	at org.apache.tools.ant.taskdefs.optional.junit.JUnitTestRunner.run(JUnitTestRunner.java:535)
	at org.apache.tools.ant.taskdefs.optional.junit.JUnitTestRunner.launch(JUnitTestRunner.java:1182)
	at org.apache.tools.ant.taskdefs.optional.junit.JUnitTestRunner.main(JUnitTestRunner.java:1033)
lib6005.parser.UnableToParseException: Only parsed up to line 1 col 23 the rest of the input did not parse
String does not match grammar 
Error in line 1 col 23
Expected [ ] but saw * HeLlOwOrLd * x<EOIN>
	at lib6005.parser.Parser.parse(Parser.java:160)
	at expressivo.Expression.parse(Expression.java:42)
	at expressivo.Commands.differentiate(Commands.java:28)
	at expressivo.grader.ExpressivoTest.testDifferentiate_dy(ExpressivoTest.java:129)
	at sun.reflect.GeneratedMethodAccessor2.invoke(Unknown Source)
	at sun.reflect.DelegatingMethodAccessorImpl.invoke(DelegatingMethodAccessorImpl.java:43)
	at java.lang.reflect.Method.invoke(Method.java:498)
	at org.junit.runners.model.FrameworkMethod$1.runReflectiveCall(FrameworkMethod.java:50)
	at org.junit.internal.runners.model.ReflectiveCallable.run(ReflectiveCallable.java:12)
	at org.junit.runners.model.FrameworkMethod.invokeExplosively(FrameworkMethod.java:47)
	at org.junit.internal.runners.statements.InvokeMethod.evaluate(InvokeMethod.java:17)
	at org.junit.runners.ParentRunner.runLeaf(ParentRunner.java:325)
	at org.junit.runners.BlockJUnit4ClassRunner.runChild(BlockJUnit4ClassRunner.java:78)
	at org.junit.runners.BlockJUnit4ClassRunner.runChild(BlockJUnit4ClassRunner.java:57)
	at org.junit.runners.ParentRunner$3.run(ParentRunner.java:290)
	at org.junit.runners.ParentRunner$1.schedule(ParentRunner.java:71)
	at org.junit.runners.ParentRunner.runChildren(ParentRunner.java:288)
	at org.junit.runners.ParentRunner.access$000(ParentRunner.java:58)
	at org.junit.runners.ParentRunner$2.evaluate(ParentRunner.java:268)
	at org.junit.runners.ParentRunner.run(ParentRunner.java:363)
	at org.junit.runners.Suite.runChild(Suite.java:128)
	at org.junit.runners.Suite.runChild(Suite.java:27)
	at org.junit.runners.ParentRunner$3.run(ParentRunner.java:290)
	at org.junit.runners.ParentRunner$1.schedule(ParentRunner.java:71)
	at org.junit.runners.ParentRunner.runChildren(ParentRunner.java:288)
	at org.junit.runners.ParentRunner.access$000(ParentRunner.java:58)
	at org.junit.runners.ParentRunner$2.evaluate(ParentRunner.java:268)
	at org.junit.runners.ParentRunner.run(ParentRunner.java:363)
	at junit.framework.JUnit4TestAdapter.run(JUnit4TestAdapter.java:38)
	at org.apache.tools.ant.taskdefs.optional.junit.JUnitTestRunner.run(JUnitTestRunner.java:535)
	at org.apache.tools.ant.taskdefs.optional.junit.JUnitTestRunner.launch(JUnitTestRunner.java:1182)
	at org.apache.tools.ant.taskdefs.optional.junit.JUnitTestRunner.main(JUnitTestRunner.java:1033)
lib6005.parser.UnableToParseException: Only parsed up to line 1 col 23 the rest of the input did not parse
String does not match grammar 
Error in line 1 col 23
Expected [ ] but saw * HeLlOwOrLd * x<EOIN>
	at lib6005.parser.Parser.parse(Parser.java:160)
	at expressivo.Expression.parse(Expression.java:42)
	at expressivo.grader.ExpressivoTest.testParse(ExpressivoTest.java:93)
	at sun.reflect.GeneratedMethodAccessor3.invoke(Unknown Source)
	at sun.reflect.DelegatingMethodAccessorImpl.invoke(DelegatingMethodAccessorImpl.java:43)
	at java.lang.reflect.Method.invoke(Method.java:498)
	at org.junit.runners.model.FrameworkMethod$1.runReflectiveCall(FrameworkMethod.java:50)
	at org.junit.internal.runners.model.ReflectiveCallable.run(ReflectiveCallable.java:12)
	at org.junit.runners.model.FrameworkMethod.invokeExplosively(FrameworkMethod.java:47)
	at org.junit.internal.runners.statements.InvokeMethod.evaluate(InvokeMethod.java:17)
	at org.junit.runners.ParentRunner.runLeaf(ParentRunner.java:325)
	at org.junit.runners.BlockJUnit4ClassRunner.runChild(BlockJUnit4ClassRunner.java:78)
	at org.junit.runners.BlockJUnit4ClassRunner.runChild(BlockJUnit4ClassRunner.java:57)
	at org.junit.runners.ParentRunner$3.run(ParentRunner.java:290)
	at org.junit.runners.ParentRunner$1.schedule(ParentRunner.java:71)
	at org.junit.runners.ParentRunner.runChildren(ParentRunner.java:288)
	at org.junit.runners.ParentRunner.access$000(ParentRunner.java:58)
	at org.junit.runners.ParentRunner$2.evaluate(ParentRunner.java:268)
	at org.junit.runners.ParentRunner.run(ParentRunner.java:363)
	at org.junit.runners.Suite.runChild(Suite.java:128)
	at org.junit.runners.Suite.runChild(Suite.java:27)
	at org.junit.runners.ParentRunner$3.run(ParentRunner.java:290)
	at org.junit.runners.ParentRunner$1.schedule(ParentRunner.java:71)
	at org.junit.runners.ParentRunner.runChildren(ParentRunner.java:288)
	at org.junit.runners.ParentRunner.access$000(ParentRunner.java:58)
	at org.junit.runners.ParentRunner$2.evaluate(ParentRunner.java:268)
	at org.junit.runners.ParentRunner.run(ParentRunner.java:363)
	at junit.framework.JUnit4TestAdapter.run(JUnit4TestAdapter.java:38)
	at org.apache.tools.ant.taskdefs.optional.junit.JUnitTestRunner.run(JUnitTestRunner.java:535)
	at org.apache.tools.ant.taskdefs.optional.junit.JUnitTestRunner.launch(JUnitTestRunner.java:1182)
	at org.apache.tools.ant.taskdefs.optional.junit.JUnitTestRunner.main(JUnitTestRunner.java:1033)
lib6005.parser.UnableToParseException: Only parsed up to line 1 col 23 the rest of the input did not parse
String does not match grammar 
Error in line 1 col 23
Expected [ ] but saw * HeLlOwOrLd * x<EOIN>
	at lib6005.parser.Parser.parse(Parser.java:160)
	at expressivo.Expression.parse(Expression.java:42)
	at expressivo.Commands.simplify(Commands.java:46)
	at expressivo.grader.ExpressivoTest.testSimplify_xyz(ExpressivoTest.java:152)
	at sun.reflect.GeneratedMethodAccessor4.invoke(Unknown Source)
	at sun.reflect.DelegatingMethodAccessorImpl.invoke(DelegatingMethodAccessorImpl.java:43)
	at java.lang.reflect.Method.invoke(Method.java:498)
	at org.junit.runners.model.FrameworkMethod$1.runReflectiveCall(FrameworkMethod.java:50)
	at org.junit.internal.runners.model.ReflectiveCallable.run(ReflectiveCallable.java:12)
	at org.junit.runners.model.FrameworkMethod.invokeExplosively(FrameworkMethod.java:47)
	at org.junit.internal.runners.statements.InvokeMethod.evaluate(InvokeMethod.java:17)
	at org.junit.runners.ParentRunner.runLeaf(ParentRunner.java:325)
	at org.junit.runners.BlockJUnit4ClassRunner.runChild(BlockJUnit4ClassRunner.java:78)
	at org.junit.runners.BlockJUnit4ClassRunner.runChild(BlockJUnit4ClassRunner.java:57)
	at org.junit.runners.ParentRunner$3.run(ParentRunner.java:290)
	at org.junit.runners.ParentRunner$1.schedule(ParentRunner.java:71)
	at org.junit.runners.ParentRunner.runChildren(ParentRunner.java:288)
	at org.junit.runners.ParentRunner.access$000(ParentRunner.java:58)
	at org.junit.runners.ParentRunner$2.evaluate(ParentRunner.java:268)
	at org.junit.runners.ParentRunner.run(ParentRunner.java:363)
	at org.junit.runners.Suite.runChild(Suite.java:128)
	at org.junit.runners.Suite.runChild(Suite.java:27)
	at org.junit.runners.ParentRunner$3.run(ParentRunner.java:290)
	at org.junit.runners.ParentRunner$1.schedule(ParentRunner.java:71)
	at org.junit.runners.ParentRunner.runChildren(ParentRunner.java:288)
	at org.junit.runners.ParentRunner.access$000(ParentRunner.java:58)
	at org.junit.runners.ParentRunner$2.evaluate(ParentRunner.java:268)
	at org.junit.runners.ParentRunner.run(ParentRunner.java:363)
	at junit.framework.JUnit4TestAdapter.run(JUnit4TestAdapter.java:38)
	at org.apache.tools.ant.taskdefs.optional.junit.JUnitTestRunner.run(JUnitTestRunner.java:535)
	at org.apache.tools.ant.taskdefs.optional.junit.JUnitTestRunner.launch(JUnitTestRunner.java:1182)
	at org.apache.tools.ant.taskdefs.optional.junit.JUnitTestRunner.main(JUnitTestRunner.java:1033)
lib6005.parser.UnableToParseException: String does not match grammar 
Error in line 1 col 0
Expected ||[0-9]|[a-z]|||[0-9]|[a-z]|||[0-9]|[a-z]|) but saw ((((4.0 * variable) * (x + TiMiThY)) + timithy) * ((timtim * x) + (JackOfSpades * jamoozywashere)))<EOIN>
	at lib6005.parser.Parser.parse(Parser.java:153)
	at expressivo.Expression.parse(Expression.java:42)
	at expressivo.grader.ExpressivoTest.testParse(ExpressivoTest.java:93)
	at sun.reflect.GeneratedMethodAccessor3.invoke(Unknown Source)
	at sun.reflect.DelegatingMethodAccessorImpl.invoke(DelegatingMethodAccessorImpl.java:43)
	at java.lang.reflect.Method.invoke(Method.java:498)
	at org.junit.runners.model.FrameworkMethod$1.runReflectiveCall(FrameworkMethod.java:50)
	at org.junit.internal.runners.model.ReflectiveCallable.run(ReflectiveCallable.java:12)
	at org.junit.runners.model.FrameworkMethod.invokeExplosively(FrameworkMethod.java:47)
	at org.junit.internal.runners.statements.InvokeMethod.evaluate(InvokeMethod.java:17)
	at org.junit.runners.ParentRunner.runLeaf(ParentRunner.java:325)
	at org.junit.runners.BlockJUnit4ClassRunner.runChild(BlockJUnit4ClassRunner.java:78)
	at org.junit.runners.BlockJUnit4ClassRunner.runChild(BlockJUnit4ClassRunner.java:57)
	at org.junit.runners.ParentRunner$3.run(ParentRunner.java:290)
	at org.junit.runners.ParentRunner$1.schedule(ParentRunner.java:71)
	at org.junit.runners.ParentRunner.runChildren(ParentRunner.java:288)
	at org.junit.runners.ParentRunner.access$000(ParentRunner.java:58)
	at org.junit.runners.ParentRunner$2.evaluate(ParentRunner.java:268)
	at org.junit.runners.ParentRunner.run(ParentRunner.java:363)
	at org.junit.runners.Suite.runChild(Suite.java:128)
	at org.junit.runners.Suite.runChild(Suite.java:27)
	at org.junit.runners.ParentRunner$3.run(ParentRunner.java:290)
	at org.junit.runners.ParentRunner$1.schedule(ParentRunner.java:71)
	at org.junit.runners.ParentRunner.runChildren(ParentRunner.java:288)
	at org.junit.runners.ParentRunner.access$000(ParentRunner.java:58)
	at org.junit.runners.ParentRunner$2.evaluate(ParentRunner.java:268)
	at org.junit.runners.ParentRunner.run(ParentRunner.java:363)
	at junit.framework.JUnit4TestAdapter.run(JUnit4TestAdapter.java:38)
	at org.apache.tools.ant.taskdefs.optional.junit.JUnitTestRunner.run(JUnitTestRunner.java:535)
	at org.apache.tools.ant.taskdefs.optional.junit.JUnitTestRunner.launch(JUnitTestRunner.java:1182)
	at org.apache.tools.ant.taskdefs.optional.junit.JUnitTestRunner.main(JUnitTestRunner.java:1033)
lib6005.parser.UnableToParseException: String does not match grammar 
Error in line 1 col 0
Expected ||[0-9]|[a-z]|||[0-9]|[a-z]|||[0-9]|[a-z]|) but saw ((((4.0 * variable) * (x + TiMiThY)) + timithy) * ((timtim * x) + (JackOfSpades * jamoozywashere)))<EOIN>
	at lib6005.parser.Parser.parse(Parser.java:153)
	at expressivo.Expression.parse(Expression.java:42)
	at expressivo.Commands.simplify(Commands.java:46)
	at expressivo.grader.ExpressivoTest.testSimplify_xyz(ExpressivoTest.java:152)
	at sun.reflect.GeneratedMethodAccessor4.invoke(Unknown Source)
	at sun.reflect.DelegatingMethodAccessorImpl.invoke(DelegatingMethodAccessorImpl.java:43)
	at java.lang.reflect.Method.invoke(Method.java:498)
	at org.junit.runners.model.FrameworkMethod$1.runReflectiveCall(FrameworkMethod.java:50)
	at org.junit.internal.runners.model.ReflectiveCallable.run(ReflectiveCallable.java:12)
	at org.junit.runners.model.FrameworkMethod.invokeExplosively(FrameworkMethod.java:47)
	at org.junit.internal.runners.statements.InvokeMethod.evaluate(InvokeMethod.java:17)
	at org.junit.runners.ParentRunner.runLeaf(ParentRunner.java:325)
	at org.junit.runners.BlockJUnit4ClassRunner.runChild(BlockJUnit4ClassRunner.java:78)
	at org.junit.runners.BlockJUnit4ClassRunner.runChild(BlockJUnit4ClassRunner.java:57)
	at org.junit.runners.ParentRunner$3.run(ParentRunner.java:290)
	at org.junit.runners.ParentRunner$1.schedule(ParentRunner.java:71)
	at org.junit.runners.ParentRunner.runChildren(ParentRunner.java:288)
	at org.junit.runners.ParentRunner.access$000(ParentRunner.java:58)
	at org.junit.runners.ParentRunner$2.evaluate(ParentRunner.java:268)
	at org.junit.runners.ParentRunner.run(ParentRunner.java:363)
	at org.junit.runners.Suite.runChild(Suite.java:128)
	at org.junit.runners.Suite.runChild(Suite.java:27)
	at org.junit.runners.ParentRunner$3.run(ParentRunner.java:290)
	at org.junit.runners.ParentRunner$1.schedule(ParentRunner.java:71)
	at org.junit.runners.ParentRunner.runChildren(ParentRunner.java:288)
	at org.junit.runners.ParentRunner.access$000(ParentRunner.java:58)
	at org.junit.runners.ParentRunner$2.evaluate(ParentRunner.java:268)
	at org.junit.runners.ParentRunner.run(ParentRunner.java:363)
	at junit.framework.JUnit4TestAdapter.run(JUnit4TestAdapter.java:38)
	at org.apache.tools.ant.taskdefs.optional.junit.JUnitTestRunner.run(JUnitTestRunner.java:535)
	at org.apache.tools.ant.taskdefs.optional.junit.JUnitTestRunner.launch(JUnitTestRunner.java:1182)
	at org.apache.tools.ant.taskdefs.optional.junit.JUnitTestRunner.main(JUnitTestRunner.java:1033)
]]></system-err>

  </testsuite>
  <testsuite errors="0" failures="0" hostname="ChanhNguyenPC" id="5" name="IllegalTest" package="expressivo.grader" skipped="0" tests="14" time="1.017" timestamp="2017-05-02T20:54:45">
      <properties>
          <property name="java.vendor" value="Oracle Corporation" />

          <property name="sun.java.launcher" value="SUN_STANDARD" />

          <property name="sun.management.compiler" value="HotSpot 64-Bit Tiered Compilers" />

          <property name="build.sysclasspath" value="ignore" />

          <property name="os.name" value="Windows 10" />

          <property name="sun.boot.class.path" value="C:\Program Files\Java\jdk1.8.0_121\jre\lib\resources.jar;C:\Program Files\Java\jdk1.8.0_121\jre\lib\rt.jar;C:\Program Files\Java\jdk1.8.0_121\jre\lib\sunrsasign.jar;C:\Program Files\Java\jdk1.8.0_121\jre\lib\jsse.jar;C:\Program Files\Java\jdk1.8.0_121\jre\lib\jce.jar;C:\Program Files\Java\jdk1.8.0_121\jre\lib\charsets.jar;C:\Program Files\Java\jdk1.8.0_121\jre\lib\jfr.jar;C:\Program Files\Java\jdk1.8.0_121\jre\classes" />

          <property name="sun.desktop" value="windows" />

          <property name="final.grading" value="true" />

          <property name="java.vm.specification.vendor" value="Oracle Corporation" />

          <property name="ant.home" value="C:\Users\Chanh Nguyen\.p2\pool\plugins\org.apache.ant_1.9.6.v201510161327" />

          <property name="java.runtime.version" value="1.8.0_121-b13" />

          <property name="user.name" value="chanhnguyen" />

          <property name="ant.build.javac.target" value="1.8" />

          <property name="user.language" value="en" />

          <property name="sun.boot.library.path" value="C:\Program Files\Java\jdk1.8.0_121\jre\bin" />

          <property name="grader.report.file" value="my-grader-report.xml" />

          <property name="ant.project.default-target" value="all" />

          <property name="java.version" value="1.8.0_121" />

          <property name="user.timezone" value="" />

          <property name="sun.arch.data.model" value="64" />

          <property name="java.endorsed.dirs" value="C:\Program Files\Java\jdk1.8.0_121\jre\lib\endorsed" />

          <property name="sun.cpu.isalist" value="amd64" />

          <property name="sun.jnu.encoding" value="Cp1252" />

          <property name="file.encoding.pkg" value="sun.io" />

          <property name="file.separator" value="\" />

          <property name="java.specification.name" value="Java Platform API Specification" />

          <property name="java.class.version" value="52.0" />

          <property name="user.country" value="US" />

          <property name="java.home" value="C:\Program Files\Java\jdk1.8.0_121\jre" />

          <property name="java.vm.info" value="mixed mode" />

          <property name="ant.file" value="C:\Users\Chanh Nguyen\workspace\ps1-expressivo\grader.xml" />

          <property name="os.version" value="10.0" />

          <property name="final.grader.jar" value="ps1-final-grader.jar" />

          <property name="path.separator" value=";" />

          <property name="java.vm.version" value="25.121-b13" />

          <property name="user.variant" value="" />

          <property name="ant.library.dir" value="C:\Users\Chanh Nguyen\.p2\pool\plugins\org.apache.ant_1.9.6.v201510161327\lib" />

          <property name="java.awt.printerjob" value="sun.awt.windows.WPrinterJob" />

          <property name="sun.io.unicode.encoding" value="UnicodeLittle" />

          <property name="awt.toolkit" value="sun.awt.windows.WToolkit" />

          <property name="user.script" value="" />

          <property name="user.home" value="C:\Users\Chanh Nguyen" />

          <property name="java.specification.vendor" value="Oracle Corporation" />

          <property name="which.tests.ran" value="BETA + FINAL" />

          <property name="java.library.path" value="C:\Program Files\Java\jdk1.8.0_121\jre\bin;C:\WINDOWS\Sun\Java\bin;C:\WINDOWS\system32;C:\WINDOWS;C:/Program Files/Java/jdk1.8.0_121/jre/bin/server;C:/Program Files/Java/jdk1.8.0_121/jre/bin;C:/Program Files/Java/jdk1.8.0_121/jre/lib/amd64;C:\Program Files\Java\apache-maven-3.3.9\bin;C:\Program Files (x86)\NVIDIA Corporation\PhysX\Common;C:\WINDOWS\system32;C:\WINDOWS;C:\WINDOWS\System32\Wbem;C:\WINDOWS\System32\WindowsPowerShell\v1.0\;C:\Program Files\Microsoft SQL Server\120\DTS\Binn\;C:\Program Files\Microsoft SQL Server\Client SDK\ODBC\110\Tools\Binn\;C:\Program Files (x86)\Microsoft SQL Server\120\Tools\Binn\;C:\Program Files\Microsoft SQL Server\120\Tools\Binn\;C:\Program Files (x86)\Microsoft SQL Server\120\Tools\Binn\ManagementStudio\;C:\Program Files (x86)\Microsoft SQL Server\120\DTS\Binn\;C:\Program Files (x86)\Brackets\command;C:\Program Files\nodejs\;C:\Program Files\Git\cmd;C:\Program Files\Java\jdk1.8.0_121\bin;C:\Users\Chanh Nguyen\AppData\Local\Programs\Python\Python36-32\Scripts\;C:\Users\Chanh Nguyen\AppData\Local\Programs\Python\Python36-32\;C:\Users\Chanh Nguyen\Anaconda3;C:\Users\Chanh Nguyen\Anaconda3\Scripts;C:\Users\Chanh Nguyen\Anaconda3\Library\bin;C:\Users\Chanh Nguyen\AppData\Local\Microsoft\WindowsApps;C:\Users\Chanh Nguyen\AppData\Roaming\npm;C:\WINDOWS\system32;;." />

          <property name="java.vendor.url" value="http://java.oracle.com/" />

          <property name="java.vm.vendor" value="Oracle Corporation" />

          <property name="java.runtime.name" value="Java(TM) SE Runtime Environment" />

          <property name="beta.grader.jar" value="ps1-beta-grader.jar" />

          <property name="sun.java.command" value="org.apache.tools.ant.taskdefs.optional.junit.JUnitTestRunner expressivo.grader.IllegalTest skipNonTests=false filtertrace=true haltOnError=false haltOnFailure=false showoutput=false outputtoformatters=true logfailedtests=true threadid=0 logtestlistenerevents=false formatter=org.apache.tools.ant.taskdefs.optional.junit.XMLJUnitResultFormatter,C:\Users\Chanh Nguyen\workspace\ps1-expressivo\.grader\TEST-expressivo.grader.IllegalTest.xml crashfile=C:\Users\Chanh Nguyen\workspace\ps1-expressivo\.grader\junitvmwatcher3160818630659380208.properties propsfile=C:\Users\Chanh Nguyen\workspace\ps1-expressivo\.grader\junit9012911237440045244.properties" />

          <property name="java.class.path" value="C:\Users\Chanh Nguyen\workspace\ps1-expressivo\lib\junit-4.12.jar;C:\Users\Chanh Nguyen\workspace\ps1-expressivo\lib\hamcrest-core-1.3.jar;C:\Users\Chanh Nguyen\workspace\ps1-expressivo\lib\parserlib.jar;C:\Users\Chanh Nguyen\workspace\ps1-expressivo\.grader\bin-tests-final;C:\Users\Chanh Nguyen\workspace\ps1-expressivo\.grader\bin-student;C:\Users\Chanh Nguyen\.p2\pool\plugins\org.apache.ant_1.9.6.v201510161327\lib\ant-launcher.jar;C:\Users\Chanh Nguyen\.p2\pool\plugins\org.apache.ant_1.9.6.v201510161327\lib\ant.jar;C:\Users\Chanh Nguyen\.p2\pool\plugins\org.apache.ant_1.9.6.v201510161327\lib\ant-junit.jar;C:\Users\Chanh Nguyen\.p2\pool\plugins\org.apache.ant_1.9.6.v201510161327\lib\ant-junit4.jar" />

          <property name="ant.version" value="Apache Ant(TM) version 1.9.6 compiled on June 29 2015" />

          <property name="project.name" value="ps1-expressivo" />

          <property name="java.vm.specification.name" value="Java Virtual Machine Specification" />

          <property name="java.vm.specification.version" value="1.8" />

          <property name="sun.cpu.endian" value="little" />

          <property name="didit.desc" value="Running our tests against your implementation" />

          <property name="sun.os.patch.level" value="" />

          <property name="java.io.tmpdir" value="C:\Users\CHANHN~1\AppData\Local\Temp\" />

          <property name="java.vendor.url.bug" value="http://bugreport.sun.com/bugreport/" />

          <property name="os.arch" value="amd64" />

          <property name="java.awt.graphicsenv" value="sun.awt.Win32GraphicsEnvironment" />

          <property name="java.ext.dirs" value="C:\Program Files\Java\jdk1.8.0_121\jre\lib\ext;C:\WINDOWS\Sun\Java\lib\ext" />

          <property name="user.dir" value="C:\Users\Chanh Nguyen\workspace\ps1-expressivo" />

          <property name="line.separator" value="&#xd;&#xa;" />

          <property name="zipfile" value="my-submission.zip" />

          <property name="java.vm.name" value="Java HotSpot(TM) 64-Bit Server VM" />

          <property name="problem.set" value="ps1" />

          <property name="basedir" value="C:\Users\Chanh Nguyen\workspace\ps1-expressivo" />

          <property name="ant.java.version" value="1.8" />

          <property name="ant.core.lib" value="C:\Users\Chanh Nguyen\.p2\pool\plugins\org.apache.ant_1.9.6.v201510161327\lib\ant.jar" />

          <property name="file.encoding" value="Cp1252" />

          <property name="java.specification.version" value="1.8" />

          <property name="grader.dir" value=".grader" />

          <property name="ant.project.invoked-targets" value="all" />

      </properties>

      <testcase classname="expressivo.grader.IllegalTest" name="testParse[missing op]" time="0.074" />

      <testcase classname="expressivo.grader.IllegalTest" name="testParse[adjacent vars]" time="0.033" />

      <testcase classname="expressivo.grader.IllegalTest" name="testParse[unbalanced open]" time="0.014" />

      <testcase classname="expressivo.grader.IllegalTest" name="testParse[unbalanced close]" time="0.015" />

      <testcase classname="expressivo.grader.IllegalTest" name="testParse[empty parens]" time="0.014" />

      <testcase classname="expressivo.grader.IllegalTest" name="testParse[empty nesting]" time="0.01" />

      <testcase classname="expressivo.grader.IllegalTest" name="testParse[prefix op]" time="0.019" />

      <testcase classname="expressivo.grader.IllegalTest" name="testParse[postfix op]" time="0.014" />

      <testcase classname="expressivo.grader.IllegalTest" name="testParse[leading op]" time="0.011" />

      <testcase classname="expressivo.grader.IllegalTest" name="testParse[trailing op]" time="0.009" />

      <testcase classname="expressivo.grader.IllegalTest" name="testParse[multiple decimal points]" time="0.011" />

      <testcase classname="expressivo.grader.IllegalTest" name="testParse[lone op]" time="0.007" />

      <testcase classname="expressivo.grader.IllegalTest" name="testParse[lone decimal point]" time="0.008" />

      <testcase classname="expressivo.grader.IllegalTest" name="testParse[lone nested op]" time="0.007" />

      <system-out><![CDATA[]]></system-out>

      <system-err><![CDATA[lib6005.parser.UnableToParseException: Only parsed up to line 1 col 2 the rest of the input did not parse
String does not match grammar 
Error in line 1 col 2
Expected [ ] but saw x<EOIN>
	at lib6005.parser.Parser.parse(Parser.java:160)
	at expressivo.Expression.parse(Expression.java:42)
	at expressivo.grader.IllegalTest.testParse(IllegalTest.java:43)
	at sun.reflect.NativeMethodAccessorImpl.invoke0(Native Method)
	at sun.reflect.NativeMethodAccessorImpl.invoke(NativeMethodAccessorImpl.java:62)
	at sun.reflect.DelegatingMethodAccessorImpl.invoke(DelegatingMethodAccessorImpl.java:43)
	at java.lang.reflect.Method.invoke(Method.java:498)
	at org.junit.runners.model.FrameworkMethod$1.runReflectiveCall(FrameworkMethod.java:50)
	at org.junit.internal.runners.model.ReflectiveCallable.run(ReflectiveCallable.java:12)
	at org.junit.runners.model.FrameworkMethod.invokeExplosively(FrameworkMethod.java:47)
	at org.junit.internal.runners.statements.InvokeMethod.evaluate(InvokeMethod.java:17)
	at org.junit.internal.runners.statements.ExpectException.evaluate(ExpectException.java:19)
	at org.junit.runners.ParentRunner.runLeaf(ParentRunner.java:325)
	at org.junit.runners.BlockJUnit4ClassRunner.runChild(BlockJUnit4ClassRunner.java:78)
	at org.junit.runners.BlockJUnit4ClassRunner.runChild(BlockJUnit4ClassRunner.java:57)
	at org.junit.runners.ParentRunner$3.run(ParentRunner.java:290)
	at org.junit.runners.ParentRunner$1.schedule(ParentRunner.java:71)
	at org.junit.runners.ParentRunner.runChildren(ParentRunner.java:288)
	at org.junit.runners.ParentRunner.access$000(ParentRunner.java:58)
	at org.junit.runners.ParentRunner$2.evaluate(ParentRunner.java:268)
	at org.junit.runners.ParentRunner.run(ParentRunner.java:363)
	at org.junit.runners.Suite.runChild(Suite.java:128)
	at org.junit.runners.Suite.runChild(Suite.java:27)
	at org.junit.runners.ParentRunner$3.run(ParentRunner.java:290)
	at org.junit.runners.ParentRunner$1.schedule(ParentRunner.java:71)
	at org.junit.runners.ParentRunner.runChildren(ParentRunner.java:288)
	at org.junit.runners.ParentRunner.access$000(ParentRunner.java:58)
	at org.junit.runners.ParentRunner$2.evaluate(ParentRunner.java:268)
	at org.junit.runners.ParentRunner.run(ParentRunner.java:363)
	at junit.framework.JUnit4TestAdapter.run(JUnit4TestAdapter.java:38)
	at org.apache.tools.ant.taskdefs.optional.junit.JUnitTestRunner.run(JUnitTestRunner.java:535)
	at org.apache.tools.ant.taskdefs.optional.junit.JUnitTestRunner.launch(JUnitTestRunner.java:1182)
	at org.apache.tools.ant.taskdefs.optional.junit.JUnitTestRunner.main(JUnitTestRunner.java:1033)
lib6005.parser.UnableToParseException: Only parsed up to line 1 col 2 the rest of the input did not parse
String does not match grammar 
Error in line 1 col 2
Expected [ ] but saw x<EOIN>
	at lib6005.parser.Parser.parse(Parser.java:160)
	at expressivo.Expression.parse(Expression.java:42)
	at expressivo.grader.IllegalTest.testParse(IllegalTest.java:43)
	at sun.reflect.NativeMethodAccessorImpl.invoke0(Native Method)
	at sun.reflect.NativeMethodAccessorImpl.invoke(NativeMethodAccessorImpl.java:62)
	at sun.reflect.DelegatingMethodAccessorImpl.invoke(DelegatingMethodAccessorImpl.java:43)
	at java.lang.reflect.Method.invoke(Method.java:498)
	at org.junit.runners.model.FrameworkMethod$1.runReflectiveCall(FrameworkMethod.java:50)
	at org.junit.internal.runners.model.ReflectiveCallable.run(ReflectiveCallable.java:12)
	at org.junit.runners.model.FrameworkMethod.invokeExplosively(FrameworkMethod.java:47)
	at org.junit.internal.runners.statements.InvokeMethod.evaluate(InvokeMethod.java:17)
	at org.junit.internal.runners.statements.ExpectException.evaluate(ExpectException.java:19)
	at org.junit.runners.ParentRunner.runLeaf(ParentRunner.java:325)
	at org.junit.runners.BlockJUnit4ClassRunner.runChild(BlockJUnit4ClassRunner.java:78)
	at org.junit.runners.BlockJUnit4ClassRunner.runChild(BlockJUnit4ClassRunner.java:57)
	at org.junit.runners.ParentRunner$3.run(ParentRunner.java:290)
	at org.junit.runners.ParentRunner$1.schedule(ParentRunner.java:71)
	at org.junit.runners.ParentRunner.runChildren(ParentRunner.java:288)
	at org.junit.runners.ParentRunner.access$000(ParentRunner.java:58)
	at org.junit.runners.ParentRunner$2.evaluate(ParentRunner.java:268)
	at org.junit.runners.ParentRunner.run(ParentRunner.java:363)
	at org.junit.runners.Suite.runChild(Suite.java:128)
	at org.junit.runners.Suite.runChild(Suite.java:27)
	at org.junit.runners.ParentRunner$3.run(ParentRunner.java:290)
	at org.junit.runners.ParentRunner$1.schedule(ParentRunner.java:71)
	at org.junit.runners.ParentRunner.runChildren(ParentRunner.java:288)
	at org.junit.runners.ParentRunner.access$000(ParentRunner.java:58)
	at org.junit.runners.ParentRunner$2.evaluate(ParentRunner.java:268)
	at org.junit.runners.ParentRunner.run(ParentRunner.java:363)
	at junit.framework.JUnit4TestAdapter.run(JUnit4TestAdapter.java:38)
	at org.apache.tools.ant.taskdefs.optional.junit.JUnitTestRunner.run(JUnitTestRunner.java:535)
	at org.apache.tools.ant.taskdefs.optional.junit.JUnitTestRunner.launch(JUnitTestRunner.java:1182)
	at org.apache.tools.ant.taskdefs.optional.junit.JUnitTestRunner.main(JUnitTestRunner.java:1033)
lib6005.parser.UnableToParseException: String does not match grammar 
Error in line 1 col 0
Expected ||[0-9]|[a-z]|) but saw (x * x<EOIN>
	at lib6005.parser.Parser.parse(Parser.java:153)
	at expressivo.Expression.parse(Expression.java:42)
	at expressivo.grader.IllegalTest.testParse(IllegalTest.java:43)
	at sun.reflect.NativeMethodAccessorImpl.invoke0(Native Method)
	at sun.reflect.NativeMethodAccessorImpl.invoke(NativeMethodAccessorImpl.java:62)
	at sun.reflect.DelegatingMethodAccessorImpl.invoke(DelegatingMethodAccessorImpl.java:43)
	at java.lang.reflect.Method.invoke(Method.java:498)
	at org.junit.runners.model.FrameworkMethod$1.runReflectiveCall(FrameworkMethod.java:50)
	at org.junit.internal.runners.model.ReflectiveCallable.run(ReflectiveCallable.java:12)
	at org.junit.runners.model.FrameworkMethod.invokeExplosively(FrameworkMethod.java:47)
	at org.junit.internal.runners.statements.InvokeMethod.evaluate(InvokeMethod.java:17)
	at org.junit.internal.runners.statements.ExpectException.evaluate(ExpectException.java:19)
	at org.junit.runners.ParentRunner.runLeaf(ParentRunner.java:325)
	at org.junit.runners.BlockJUnit4ClassRunner.runChild(BlockJUnit4ClassRunner.java:78)
	at org.junit.runners.BlockJUnit4ClassRunner.runChild(BlockJUnit4ClassRunner.java:57)
	at org.junit.runners.ParentRunner$3.run(ParentRunner.java:290)
	at org.junit.runners.ParentRunner$1.schedule(ParentRunner.java:71)
	at org.junit.runners.ParentRunner.runChildren(ParentRunner.java:288)
	at org.junit.runners.ParentRunner.access$000(ParentRunner.java:58)
	at org.junit.runners.ParentRunner$2.evaluate(ParentRunner.java:268)
	at org.junit.runners.ParentRunner.run(ParentRunner.java:363)
	at org.junit.runners.Suite.runChild(Suite.java:128)
	at org.junit.runners.Suite.runChild(Suite.java:27)
	at org.junit.runners.ParentRunner$3.run(ParentRunner.java:290)
	at org.junit.runners.ParentRunner$1.schedule(ParentRunner.java:71)
	at org.junit.runners.ParentRunner.runChildren(ParentRunner.java:288)
	at org.junit.runners.ParentRunner.access$000(ParentRunner.java:58)
	at org.junit.runners.ParentRunner$2.evaluate(ParentRunner.java:268)
	at org.junit.runners.ParentRunner.run(ParentRunner.java:363)
	at junit.framework.JUnit4TestAdapter.run(JUnit4TestAdapter.java:38)
	at org.apache.tools.ant.taskdefs.optional.junit.JUnitTestRunner.run(JUnitTestRunner.java:535)
	at org.apache.tools.ant.taskdefs.optional.junit.JUnitTestRunner.launch(JUnitTestRunner.java:1182)
	at org.apache.tools.ant.taskdefs.optional.junit.JUnitTestRunner.main(JUnitTestRunner.java:1033)
lib6005.parser.UnableToParseException: Only parsed up to line 1 col 5 the rest of the input did not parse
String does not match grammar 
Error in line 1 col 5
Expected [ ] but saw )<EOIN>
	at lib6005.parser.Parser.parse(Parser.java:160)
	at expressivo.Expression.parse(Expression.java:42)
	at expressivo.grader.IllegalTest.testParse(IllegalTest.java:43)
	at sun.reflect.NativeMethodAccessorImpl.invoke0(Native Method)
	at sun.reflect.NativeMethodAccessorImpl.invoke(NativeMethodAccessorImpl.java:62)
	at sun.reflect.DelegatingMethodAccessorImpl.invoke(DelegatingMethodAccessorImpl.java:43)
	at java.lang.reflect.Method.invoke(Method.java:498)
	at org.junit.runners.model.FrameworkMethod$1.runReflectiveCall(FrameworkMethod.java:50)
	at org.junit.internal.runners.model.ReflectiveCallable.run(ReflectiveCallable.java:12)
	at org.junit.runners.model.FrameworkMethod.invokeExplosively(FrameworkMethod.java:47)
	at org.junit.internal.runners.statements.InvokeMethod.evaluate(InvokeMethod.java:17)
	at org.junit.internal.runners.statements.ExpectException.evaluate(ExpectException.java:19)
	at org.junit.runners.ParentRunner.runLeaf(ParentRunner.java:325)
	at org.junit.runners.BlockJUnit4ClassRunner.runChild(BlockJUnit4ClassRunner.java:78)
	at org.junit.runners.BlockJUnit4ClassRunner.runChild(BlockJUnit4ClassRunner.java:57)
	at org.junit.runners.ParentRunner$3.run(ParentRunner.java:290)
	at org.junit.runners.ParentRunner$1.schedule(ParentRunner.java:71)
	at org.junit.runners.ParentRunner.runChildren(ParentRunner.java:288)
	at org.junit.runners.ParentRunner.access$000(ParentRunner.java:58)
	at org.junit.runners.ParentRunner$2.evaluate(ParentRunner.java:268)
	at org.junit.runners.ParentRunner.run(ParentRunner.java:363)
	at org.junit.runners.Suite.runChild(Suite.java:128)
	at org.junit.runners.Suite.runChild(Suite.java:27)
	at org.junit.runners.ParentRunner$3.run(ParentRunner.java:290)
	at org.junit.runners.ParentRunner$1.schedule(ParentRunner.java:71)
	at org.junit.runners.ParentRunner.runChildren(ParentRunner.java:288)
	at org.junit.runners.ParentRunner.access$000(ParentRunner.java:58)
	at org.junit.runners.ParentRunner$2.evaluate(ParentRunner.java:268)
	at org.junit.runners.ParentRunner.run(ParentRunner.java:363)
	at junit.framework.JUnit4TestAdapter.run(JUnit4TestAdapter.java:38)
	at org.apache.tools.ant.taskdefs.optional.junit.JUnitTestRunner.run(JUnitTestRunner.java:535)
	at org.apache.tools.ant.taskdefs.optional.junit.JUnitTestRunner.launch(JUnitTestRunner.java:1182)
	at org.apache.tools.ant.taskdefs.optional.junit.JUnitTestRunner.main(JUnitTestRunner.java:1033)
lib6005.parser.UnableToParseException: String does not match grammar 
Error in line 1 col 0
Expected ||[0-9]|[a-z]|||[0-9]|[a-z]|( but saw ()<EOIN>
	at lib6005.parser.Parser.parse(Parser.java:153)
	at expressivo.Expression.parse(Expression.java:42)
	at expressivo.grader.IllegalTest.testParse(IllegalTest.java:43)
	at sun.reflect.NativeMethodAccessorImpl.invoke0(Native Method)
	at sun.reflect.NativeMethodAccessorImpl.invoke(NativeMethodAccessorImpl.java:62)
	at sun.reflect.DelegatingMethodAccessorImpl.invoke(DelegatingMethodAccessorImpl.java:43)
	at java.lang.reflect.Method.invoke(Method.java:498)
	at org.junit.runners.model.FrameworkMethod$1.runReflectiveCall(FrameworkMethod.java:50)
	at org.junit.internal.runners.model.ReflectiveCallable.run(ReflectiveCallable.java:12)
	at org.junit.runners.model.FrameworkMethod.invokeExplosively(FrameworkMethod.java:47)
	at org.junit.internal.runners.statements.InvokeMethod.evaluate(InvokeMethod.java:17)
	at org.junit.internal.runners.statements.ExpectException.evaluate(ExpectException.java:19)
	at org.junit.runners.ParentRunner.runLeaf(ParentRunner.java:325)
	at org.junit.runners.BlockJUnit4ClassRunner.runChild(BlockJUnit4ClassRunner.java:78)
	at org.junit.runners.BlockJUnit4ClassRunner.runChild(BlockJUnit4ClassRunner.java:57)
	at org.junit.runners.ParentRunner$3.run(ParentRunner.java:290)
	at org.junit.runners.ParentRunner$1.schedule(ParentRunner.java:71)
	at org.junit.runners.ParentRunner.runChildren(ParentRunner.java:288)
	at org.junit.runners.ParentRunner.access$000(ParentRunner.java:58)
	at org.junit.runners.ParentRunner$2.evaluate(ParentRunner.java:268)
	at org.junit.runners.ParentRunner.run(ParentRunner.java:363)
	at org.junit.runners.Suite.runChild(Suite.java:128)
	at org.junit.runners.Suite.runChild(Suite.java:27)
	at org.junit.runners.ParentRunner$3.run(ParentRunner.java:290)
	at org.junit.runners.ParentRunner$1.schedule(ParentRunner.java:71)
	at org.junit.runners.ParentRunner.runChildren(ParentRunner.java:288)
	at org.junit.runners.ParentRunner.access$000(ParentRunner.java:58)
	at org.junit.runners.ParentRunner$2.evaluate(ParentRunner.java:268)
	at org.junit.runners.ParentRunner.run(ParentRunner.java:363)
	at junit.framework.JUnit4TestAdapter.run(JUnit4TestAdapter.java:38)
	at org.apache.tools.ant.taskdefs.optional.junit.JUnitTestRunner.run(JUnitTestRunner.java:535)
	at org.apache.tools.ant.taskdefs.optional.junit.JUnitTestRunner.launch(JUnitTestRunner.java:1182)
	at org.apache.tools.ant.taskdefs.optional.junit.JUnitTestRunner.main(JUnitTestRunner.java:1033)
lib6005.parser.UnableToParseException: String does not match grammar 
Error in line 1 col 0
Expected ||[0-9]|[a-z]|||[0-9]|[a-z]|||[0-9]|[a-z]|||[0-9]|[a-z]|( but saw ((()))<EOIN>
	at lib6005.parser.Parser.parse(Parser.java:153)
	at expressivo.Expression.parse(Expression.java:42)
	at expressivo.grader.IllegalTest.testParse(IllegalTest.java:43)
	at sun.reflect.NativeMethodAccessorImpl.invoke0(Native Method)
	at sun.reflect.NativeMethodAccessorImpl.invoke(NativeMethodAccessorImpl.java:62)
	at sun.reflect.DelegatingMethodAccessorImpl.invoke(DelegatingMethodAccessorImpl.java:43)
	at java.lang.reflect.Method.invoke(Method.java:498)
	at org.junit.runners.model.FrameworkMethod$1.runReflectiveCall(FrameworkMethod.java:50)
	at org.junit.internal.runners.model.ReflectiveCallable.run(ReflectiveCallable.java:12)
	at org.junit.runners.model.FrameworkMethod.invokeExplosively(FrameworkMethod.java:47)
	at org.junit.internal.runners.statements.InvokeMethod.evaluate(InvokeMethod.java:17)
	at org.junit.internal.runners.statements.ExpectException.evaluate(ExpectException.java:19)
	at org.junit.runners.ParentRunner.runLeaf(ParentRunner.java:325)
	at org.junit.runners.BlockJUnit4ClassRunner.runChild(BlockJUnit4ClassRunner.java:78)
	at org.junit.runners.BlockJUnit4ClassRunner.runChild(BlockJUnit4ClassRunner.java:57)
	at org.junit.runners.ParentRunner$3.run(ParentRunner.java:290)
	at org.junit.runners.ParentRunner$1.schedule(ParentRunner.java:71)
	at org.junit.runners.ParentRunner.runChildren(ParentRunner.java:288)
	at org.junit.runners.ParentRunner.access$000(ParentRunner.java:58)
	at org.junit.runners.ParentRunner$2.evaluate(ParentRunner.java:268)
	at org.junit.runners.ParentRunner.run(ParentRunner.java:363)
	at org.junit.runners.Suite.runChild(Suite.java:128)
	at org.junit.runners.Suite.runChild(Suite.java:27)
	at org.junit.runners.ParentRunner$3.run(ParentRunner.java:290)
	at org.junit.runners.ParentRunner$1.schedule(ParentRunner.java:71)
	at org.junit.runners.ParentRunner.runChildren(ParentRunner.java:288)
	at org.junit.runners.ParentRunner.access$000(ParentRunner.java:58)
	at org.junit.runners.ParentRunner$2.evaluate(ParentRunner.java:268)
	at org.junit.runners.ParentRunner.run(ParentRunner.java:363)
	at junit.framework.JUnit4TestAdapter.run(JUnit4TestAdapter.java:38)
	at org.apache.tools.ant.taskdefs.optional.junit.JUnitTestRunner.run(JUnitTestRunner.java:535)
	at org.apache.tools.ant.taskdefs.optional.junit.JUnitTestRunner.launch(JUnitTestRunner.java:1182)
	at org.apache.tools.ant.taskdefs.optional.junit.JUnitTestRunner.main(JUnitTestRunner.java:1033)
lib6005.parser.UnableToParseException: String does not match grammar 
Error in line 1 col 0
Expected ||[0-9]|[a-z]|||[0-9]|[a-z]|( but saw (+ 3 x)<EOIN>
	at lib6005.parser.Parser.parse(Parser.java:153)
	at expressivo.Expression.parse(Expression.java:42)
	at expressivo.grader.IllegalTest.testParse(IllegalTest.java:43)
	at sun.reflect.NativeMethodAccessorImpl.invoke0(Native Method)
	at sun.reflect.NativeMethodAccessorImpl.invoke(NativeMethodAccessorImpl.java:62)
	at sun.reflect.DelegatingMethodAccessorImpl.invoke(DelegatingMethodAccessorImpl.java:43)
	at java.lang.reflect.Method.invoke(Method.java:498)
	at org.junit.runners.model.FrameworkMethod$1.runReflectiveCall(FrameworkMethod.java:50)
	at org.junit.internal.runners.model.ReflectiveCallable.run(ReflectiveCallable.java:12)
	at org.junit.runners.model.FrameworkMethod.invokeExplosively(FrameworkMethod.java:47)
	at org.junit.internal.runners.statements.InvokeMethod.evaluate(InvokeMethod.java:17)
	at org.junit.internal.runners.statements.ExpectException.evaluate(ExpectException.java:19)
	at org.junit.runners.ParentRunner.runLeaf(ParentRunner.java:325)
	at org.junit.runners.BlockJUnit4ClassRunner.runChild(BlockJUnit4ClassRunner.java:78)
	at org.junit.runners.BlockJUnit4ClassRunner.runChild(BlockJUnit4ClassRunner.java:57)
	at org.junit.runners.ParentRunner$3.run(ParentRunner.java:290)
	at org.junit.runners.ParentRunner$1.schedule(ParentRunner.java:71)
	at org.junit.runners.ParentRunner.runChildren(ParentRunner.java:288)
	at org.junit.runners.ParentRunner.access$000(ParentRunner.java:58)
	at org.junit.runners.ParentRunner$2.evaluate(ParentRunner.java:268)
	at org.junit.runners.ParentRunner.run(ParentRunner.java:363)
	at org.junit.runners.Suite.runChild(Suite.java:128)
	at org.junit.runners.Suite.runChild(Suite.java:27)
	at org.junit.runners.ParentRunner$3.run(ParentRunner.java:290)
	at org.junit.runners.ParentRunner$1.schedule(ParentRunner.java:71)
	at org.junit.runners.ParentRunner.runChildren(ParentRunner.java:288)
	at org.junit.runners.ParentRunner.access$000(ParentRunner.java:58)
	at org.junit.runners.ParentRunner$2.evaluate(ParentRunner.java:268)
	at org.junit.runners.ParentRunner.run(ParentRunner.java:363)
	at junit.framework.JUnit4TestAdapter.run(JUnit4TestAdapter.java:38)
	at org.apache.tools.ant.taskdefs.optional.junit.JUnitTestRunner.run(JUnitTestRunner.java:535)
	at org.apache.tools.ant.taskdefs.optional.junit.JUnitTestRunner.launch(JUnitTestRunner.java:1182)
	at org.apache.tools.ant.taskdefs.optional.junit.JUnitTestRunner.main(JUnitTestRunner.java:1033)
lib6005.parser.UnableToParseException: String does not match grammar 
Error in line 1 col 0
Expected ||[0-9]|[a-z]|) but saw (x 3 +)<EOIN>
	at lib6005.parser.Parser.parse(Parser.java:153)
	at expressivo.Expression.parse(Expression.java:42)
	at expressivo.grader.IllegalTest.testParse(IllegalTest.java:43)
	at sun.reflect.NativeMethodAccessorImpl.invoke0(Native Method)
	at sun.reflect.NativeMethodAccessorImpl.invoke(NativeMethodAccessorImpl.java:62)
	at sun.reflect.DelegatingMethodAccessorImpl.invoke(DelegatingMethodAccessorImpl.java:43)
	at java.lang.reflect.Method.invoke(Method.java:498)
	at org.junit.runners.model.FrameworkMethod$1.runReflectiveCall(FrameworkMethod.java:50)
	at org.junit.internal.runners.model.ReflectiveCallable.run(ReflectiveCallable.java:12)
	at org.junit.runners.model.FrameworkMethod.invokeExplosively(FrameworkMethod.java:47)
	at org.junit.internal.runners.statements.InvokeMethod.evaluate(InvokeMethod.java:17)
	at org.junit.internal.runners.statements.ExpectException.evaluate(ExpectException.java:19)
	at org.junit.runners.ParentRunner.runLeaf(ParentRunner.java:325)
	at org.junit.runners.BlockJUnit4ClassRunner.runChild(BlockJUnit4ClassRunner.java:78)
	at org.junit.runners.BlockJUnit4ClassRunner.runChild(BlockJUnit4ClassRunner.java:57)
	at org.junit.runners.ParentRunner$3.run(ParentRunner.java:290)
	at org.junit.runners.ParentRunner$1.schedule(ParentRunner.java:71)
	at org.junit.runners.ParentRunner.runChildren(ParentRunner.java:288)
	at org.junit.runners.ParentRunner.access$000(ParentRunner.java:58)
	at org.junit.runners.ParentRunner$2.evaluate(ParentRunner.java:268)
	at org.junit.runners.ParentRunner.run(ParentRunner.java:363)
	at org.junit.runners.Suite.runChild(Suite.java:128)
	at org.junit.runners.Suite.runChild(Suite.java:27)
	at org.junit.runners.ParentRunner$3.run(ParentRunner.java:290)
	at org.junit.runners.ParentRunner$1.schedule(ParentRunner.java:71)
	at org.junit.runners.ParentRunner.runChildren(ParentRunner.java:288)
	at org.junit.runners.ParentRunner.access$000(ParentRunner.java:58)
	at org.junit.runners.ParentRunner$2.evaluate(ParentRunner.java:268)
	at org.junit.runners.ParentRunner.run(ParentRunner.java:363)
	at junit.framework.JUnit4TestAdapter.run(JUnit4TestAdapter.java:38)
	at org.apache.tools.ant.taskdefs.optional.junit.JUnitTestRunner.run(JUnitTestRunner.java:535)
	at org.apache.tools.ant.taskdefs.optional.junit.JUnitTestRunner.launch(JUnitTestRunner.java:1182)
	at org.apache.tools.ant.taskdefs.optional.junit.JUnitTestRunner.main(JUnitTestRunner.java:1033)
lib6005.parser.UnableToParseException: String does not match grammar 
Error in line 1 col 0
Expected ||[0-9]|[a-z]|||[0-9]|[a-z]|( but saw (* 3 * x)<EOIN>
	at lib6005.parser.Parser.parse(Parser.java:153)
	at expressivo.Expression.parse(Expression.java:42)
	at expressivo.grader.IllegalTest.testParse(IllegalTest.java:43)
	at sun.reflect.NativeMethodAccessorImpl.invoke0(Native Method)
	at sun.reflect.NativeMethodAccessorImpl.invoke(NativeMethodAccessorImpl.java:62)
	at sun.reflect.DelegatingMethodAccessorImpl.invoke(DelegatingMethodAccessorImpl.java:43)
	at java.lang.reflect.Method.invoke(Method.java:498)
	at org.junit.runners.model.FrameworkMethod$1.runReflectiveCall(FrameworkMethod.java:50)
	at org.junit.internal.runners.model.ReflectiveCallable.run(ReflectiveCallable.java:12)
	at org.junit.runners.model.FrameworkMethod.invokeExplosively(FrameworkMethod.java:47)
	at org.junit.internal.runners.statements.InvokeMethod.evaluate(InvokeMethod.java:17)
	at org.junit.internal.runners.statements.ExpectException.evaluate(ExpectException.java:19)
	at org.junit.runners.ParentRunner.runLeaf(ParentRunner.java:325)
	at org.junit.runners.BlockJUnit4ClassRunner.runChild(BlockJUnit4ClassRunner.java:78)
	at org.junit.runners.BlockJUnit4ClassRunner.runChild(BlockJUnit4ClassRunner.java:57)
	at org.junit.runners.ParentRunner$3.run(ParentRunner.java:290)
	at org.junit.runners.ParentRunner$1.schedule(ParentRunner.java:71)
	at org.junit.runners.ParentRunner.runChildren(ParentRunner.java:288)
	at org.junit.runners.ParentRunner.access$000(ParentRunner.java:58)
	at org.junit.runners.ParentRunner$2.evaluate(ParentRunner.java:268)
	at org.junit.runners.ParentRunner.run(ParentRunner.java:363)
	at org.junit.runners.Suite.runChild(Suite.java:128)
	at org.junit.runners.Suite.runChild(Suite.java:27)
	at org.junit.runners.ParentRunner$3.run(ParentRunner.java:290)
	at org.junit.runners.ParentRunner$1.schedule(ParentRunner.java:71)
	at org.junit.runners.ParentRunner.runChildren(ParentRunner.java:288)
	at org.junit.runners.ParentRunner.access$000(ParentRunner.java:58)
	at org.junit.runners.ParentRunner$2.evaluate(ParentRunner.java:268)
	at org.junit.runners.ParentRunner.run(ParentRunner.java:363)
	at junit.framework.JUnit4TestAdapter.run(JUnit4TestAdapter.java:38)
	at org.apache.tools.ant.taskdefs.optional.junit.JUnitTestRunner.run(JUnitTestRunner.java:535)
	at org.apache.tools.ant.taskdefs.optional.junit.JUnitTestRunner.launch(JUnitTestRunner.java:1182)
	at org.apache.tools.ant.taskdefs.optional.junit.JUnitTestRunner.main(JUnitTestRunner.java:1033)
lib6005.parser.UnableToParseException: String does not match grammar 
Error in line 1 col 0
Expected ||[0-9]|[a-z]|) but saw (x * 3 *)<EOIN>
	at lib6005.parser.Parser.parse(Parser.java:153)
	at expressivo.Expression.parse(Expression.java:42)
	at expressivo.grader.IllegalTest.testParse(IllegalTest.java:43)
	at sun.reflect.NativeMethodAccessorImpl.invoke0(Native Method)
	at sun.reflect.NativeMethodAccessorImpl.invoke(NativeMethodAccessorImpl.java:62)
	at sun.reflect.DelegatingMethodAccessorImpl.invoke(DelegatingMethodAccessorImpl.java:43)
	at java.lang.reflect.Method.invoke(Method.java:498)
	at org.junit.runners.model.FrameworkMethod$1.runReflectiveCall(FrameworkMethod.java:50)
	at org.junit.internal.runners.model.ReflectiveCallable.run(ReflectiveCallable.java:12)
	at org.junit.runners.model.FrameworkMethod.invokeExplosively(FrameworkMethod.java:47)
	at org.junit.internal.runners.statements.InvokeMethod.evaluate(InvokeMethod.java:17)
	at org.junit.internal.runners.statements.ExpectException.evaluate(ExpectException.java:19)
	at org.junit.runners.ParentRunner.runLeaf(ParentRunner.java:325)
	at org.junit.runners.BlockJUnit4ClassRunner.runChild(BlockJUnit4ClassRunner.java:78)
	at org.junit.runners.BlockJUnit4ClassRunner.runChild(BlockJUnit4ClassRunner.java:57)
	at org.junit.runners.ParentRunner$3.run(ParentRunner.java:290)
	at org.junit.runners.ParentRunner$1.schedule(ParentRunner.java:71)
	at org.junit.runners.ParentRunner.runChildren(ParentRunner.java:288)
	at org.junit.runners.ParentRunner.access$000(ParentRunner.java:58)
	at org.junit.runners.ParentRunner$2.evaluate(ParentRunner.java:268)
	at org.junit.runners.ParentRunner.run(ParentRunner.java:363)
	at org.junit.runners.Suite.runChild(Suite.java:128)
	at org.junit.runners.Suite.runChild(Suite.java:27)
	at org.junit.runners.ParentRunner$3.run(ParentRunner.java:290)
	at org.junit.runners.ParentRunner$1.schedule(ParentRunner.java:71)
	at org.junit.runners.ParentRunner.runChildren(ParentRunner.java:288)
	at org.junit.runners.ParentRunner.access$000(ParentRunner.java:58)
	at org.junit.runners.ParentRunner$2.evaluate(ParentRunner.java:268)
	at org.junit.runners.ParentRunner.run(ParentRunner.java:363)
	at junit.framework.JUnit4TestAdapter.run(JUnit4TestAdapter.java:38)
	at org.apache.tools.ant.taskdefs.optional.junit.JUnitTestRunner.run(JUnitTestRunner.java:535)
	at org.apache.tools.ant.taskdefs.optional.junit.JUnitTestRunner.launch(JUnitTestRunner.java:1182)
	at org.apache.tools.ant.taskdefs.optional.junit.JUnitTestRunner.main(JUnitTestRunner.java:1033)
lib6005.parser.UnableToParseException: Only parsed up to line 1 col 3 the rest of the input did not parse
String does not match grammar 
Error in line 1 col 3
Expected [ ] but saw .3<EOIN>
	at lib6005.parser.Parser.parse(Parser.java:160)
	at expressivo.Expression.parse(Expression.java:42)
	at expressivo.grader.IllegalTest.testParse(IllegalTest.java:43)
	at sun.reflect.NativeMethodAccessorImpl.invoke0(Native Method)
	at sun.reflect.NativeMethodAccessorImpl.invoke(NativeMethodAccessorImpl.java:62)
	at sun.reflect.DelegatingMethodAccessorImpl.invoke(DelegatingMethodAccessorImpl.java:43)
	at java.lang.reflect.Method.invoke(Method.java:498)
	at org.junit.runners.model.FrameworkMethod$1.runReflectiveCall(FrameworkMethod.java:50)
	at org.junit.internal.runners.model.ReflectiveCallable.run(ReflectiveCallable.java:12)
	at org.junit.runners.model.FrameworkMethod.invokeExplosively(FrameworkMethod.java:47)
	at org.junit.internal.runners.statements.InvokeMethod.evaluate(InvokeMethod.java:17)
	at org.junit.internal.runners.statements.ExpectException.evaluate(ExpectException.java:19)
	at org.junit.runners.ParentRunner.runLeaf(ParentRunner.java:325)
	at org.junit.runners.BlockJUnit4ClassRunner.runChild(BlockJUnit4ClassRunner.java:78)
	at org.junit.runners.BlockJUnit4ClassRunner.runChild(BlockJUnit4ClassRunner.java:57)
	at org.junit.runners.ParentRunner$3.run(ParentRunner.java:290)
	at org.junit.runners.ParentRunner$1.schedule(ParentRunner.java:71)
	at org.junit.runners.ParentRunner.runChildren(ParentRunner.java:288)
	at org.junit.runners.ParentRunner.access$000(ParentRunner.java:58)
	at org.junit.runners.ParentRunner$2.evaluate(ParentRunner.java:268)
	at org.junit.runners.ParentRunner.run(ParentRunner.java:363)
	at org.junit.runners.Suite.runChild(Suite.java:128)
	at org.junit.runners.Suite.runChild(Suite.java:27)
	at org.junit.runners.ParentRunner$3.run(ParentRunner.java:290)
	at org.junit.runners.ParentRunner$1.schedule(ParentRunner.java:71)
	at org.junit.runners.ParentRunner.runChildren(ParentRunner.java:288)
	at org.junit.runners.ParentRunner.access$000(ParentRunner.java:58)
	at org.junit.runners.ParentRunner$2.evaluate(ParentRunner.java:268)
	at org.junit.runners.ParentRunner.run(ParentRunner.java:363)
	at junit.framework.JUnit4TestAdapter.run(JUnit4TestAdapter.java:38)
	at org.apache.tools.ant.taskdefs.optional.junit.JUnitTestRunner.run(JUnitTestRunner.java:535)
	at org.apache.tools.ant.taskdefs.optional.junit.JUnitTestRunner.launch(JUnitTestRunner.java:1182)
	at org.apache.tools.ant.taskdefs.optional.junit.JUnitTestRunner.main(JUnitTestRunner.java:1033)
lib6005.parser.UnableToParseException: String does not match grammar 
Error in line 1 col 0
Expected ||[0-9]|[a-z]|( but saw +<EOIN>
	at lib6005.parser.Parser.parse(Parser.java:153)
	at expressivo.Expression.parse(Expression.java:42)
	at expressivo.grader.IllegalTest.testParse(IllegalTest.java:43)
	at sun.reflect.NativeMethodAccessorImpl.invoke0(Native Method)
	at sun.reflect.NativeMethodAccessorImpl.invoke(NativeMethodAccessorImpl.java:62)
	at sun.reflect.DelegatingMethodAccessorImpl.invoke(DelegatingMethodAccessorImpl.java:43)
	at java.lang.reflect.Method.invoke(Method.java:498)
	at org.junit.runners.model.FrameworkMethod$1.runReflectiveCall(FrameworkMethod.java:50)
	at org.junit.internal.runners.model.ReflectiveCallable.run(ReflectiveCallable.java:12)
	at org.junit.runners.model.FrameworkMethod.invokeExplosively(FrameworkMethod.java:47)
	at org.junit.internal.runners.statements.InvokeMethod.evaluate(InvokeMethod.java:17)
	at org.junit.internal.runners.statements.ExpectException.evaluate(ExpectException.java:19)
	at org.junit.runners.ParentRunner.runLeaf(ParentRunner.java:325)
	at org.junit.runners.BlockJUnit4ClassRunner.runChild(BlockJUnit4ClassRunner.java:78)
	at org.junit.runners.BlockJUnit4ClassRunner.runChild(BlockJUnit4ClassRunner.java:57)
	at org.junit.runners.ParentRunner$3.run(ParentRunner.java:290)
	at org.junit.runners.ParentRunner$1.schedule(ParentRunner.java:71)
	at org.junit.runners.ParentRunner.runChildren(ParentRunner.java:288)
	at org.junit.runners.ParentRunner.access$000(ParentRunner.java:58)
	at org.junit.runners.ParentRunner$2.evaluate(ParentRunner.java:268)
	at org.junit.runners.ParentRunner.run(ParentRunner.java:363)
	at org.junit.runners.Suite.runChild(Suite.java:128)
	at org.junit.runners.Suite.runChild(Suite.java:27)
	at org.junit.runners.ParentRunner$3.run(ParentRunner.java:290)
	at org.junit.runners.ParentRunner$1.schedule(ParentRunner.java:71)
	at org.junit.runners.ParentRunner.runChildren(ParentRunner.java:288)
	at org.junit.runners.ParentRunner.access$000(ParentRunner.java:58)
	at org.junit.runners.ParentRunner$2.evaluate(ParentRunner.java:268)
	at org.junit.runners.ParentRunner.run(ParentRunner.java:363)
	at junit.framework.JUnit4TestAdapter.run(JUnit4TestAdapter.java:38)
	at org.apache.tools.ant.taskdefs.optional.junit.JUnitTestRunner.run(JUnitTestRunner.java:535)
	at org.apache.tools.ant.taskdefs.optional.junit.JUnitTestRunner.launch(JUnitTestRunner.java:1182)
	at org.apache.tools.ant.taskdefs.optional.junit.JUnitTestRunner.main(JUnitTestRunner.java:1033)
lib6005.parser.UnableToParseException: String does not match grammar 
Error in line 1 col 0
Expected ||[0-9]|[a-z]|( but saw .<EOIN>
	at lib6005.parser.Parser.parse(Parser.java:153)
	at expressivo.Expression.parse(Expression.java:42)
	at expressivo.grader.IllegalTest.testParse(IllegalTest.java:43)
	at sun.reflect.NativeMethodAccessorImpl.invoke0(Native Method)
	at sun.reflect.NativeMethodAccessorImpl.invoke(NativeMethodAccessorImpl.java:62)
	at sun.reflect.DelegatingMethodAccessorImpl.invoke(DelegatingMethodAccessorImpl.java:43)
	at java.lang.reflect.Method.invoke(Method.java:498)
	at org.junit.runners.model.FrameworkMethod$1.runReflectiveCall(FrameworkMethod.java:50)
	at org.junit.internal.runners.model.ReflectiveCallable.run(ReflectiveCallable.java:12)
	at org.junit.runners.model.FrameworkMethod.invokeExplosively(FrameworkMethod.java:47)
	at org.junit.internal.runners.statements.InvokeMethod.evaluate(InvokeMethod.java:17)
	at org.junit.internal.runners.statements.ExpectException.evaluate(ExpectException.java:19)
	at org.junit.runners.ParentRunner.runLeaf(ParentRunner.java:325)
	at org.junit.runners.BlockJUnit4ClassRunner.runChild(BlockJUnit4ClassRunner.java:78)
	at org.junit.runners.BlockJUnit4ClassRunner.runChild(BlockJUnit4ClassRunner.java:57)
	at org.junit.runners.ParentRunner$3.run(ParentRunner.java:290)
	at org.junit.runners.ParentRunner$1.schedule(ParentRunner.java:71)
	at org.junit.runners.ParentRunner.runChildren(ParentRunner.java:288)
	at org.junit.runners.ParentRunner.access$000(ParentRunner.java:58)
	at org.junit.runners.ParentRunner$2.evaluate(ParentRunner.java:268)
	at org.junit.runners.ParentRunner.run(ParentRunner.java:363)
	at org.junit.runners.Suite.runChild(Suite.java:128)
	at org.junit.runners.Suite.runChild(Suite.java:27)
	at org.junit.runners.ParentRunner$3.run(ParentRunner.java:290)
	at org.junit.runners.ParentRunner$1.schedule(ParentRunner.java:71)
	at org.junit.runners.ParentRunner.runChildren(ParentRunner.java:288)
	at org.junit.runners.ParentRunner.access$000(ParentRunner.java:58)
	at org.junit.runners.ParentRunner$2.evaluate(ParentRunner.java:268)
	at org.junit.runners.ParentRunner.run(ParentRunner.java:363)
	at junit.framework.JUnit4TestAdapter.run(JUnit4TestAdapter.java:38)
	at org.apache.tools.ant.taskdefs.optional.junit.JUnitTestRunner.run(JUnitTestRunner.java:535)
	at org.apache.tools.ant.taskdefs.optional.junit.JUnitTestRunner.launch(JUnitTestRunner.java:1182)
	at org.apache.tools.ant.taskdefs.optional.junit.JUnitTestRunner.main(JUnitTestRunner.java:1033)
lib6005.parser.UnableToParseException: String does not match grammar 
Error in line 1 col 0
Expected ||[0-9]|[a-z]|||[0-9]|[a-z]|( but saw (*)<EOIN>
	at lib6005.parser.Parser.parse(Parser.java:153)
	at expressivo.Expression.parse(Expression.java:42)
	at expressivo.grader.IllegalTest.testParse(IllegalTest.java:43)
	at sun.reflect.NativeMethodAccessorImpl.invoke0(Native Method)
	at sun.reflect.NativeMethodAccessorImpl.invoke(NativeMethodAccessorImpl.java:62)
	at sun.reflect.DelegatingMethodAccessorImpl.invoke(DelegatingMethodAccessorImpl.java:43)
	at java.lang.reflect.Method.invoke(Method.java:498)
	at org.junit.runners.model.FrameworkMethod$1.runReflectiveCall(FrameworkMethod.java:50)
	at org.junit.internal.runners.model.ReflectiveCallable.run(ReflectiveCallable.java:12)
	at org.junit.runners.model.FrameworkMethod.invokeExplosively(FrameworkMethod.java:47)
	at org.junit.internal.runners.statements.InvokeMethod.evaluate(InvokeMethod.java:17)
	at org.junit.internal.runners.statements.ExpectException.evaluate(ExpectException.java:19)
	at org.junit.runners.ParentRunner.runLeaf(ParentRunner.java:325)
	at org.junit.runners.BlockJUnit4ClassRunner.runChild(BlockJUnit4ClassRunner.java:78)
	at org.junit.runners.BlockJUnit4ClassRunner.runChild(BlockJUnit4ClassRunner.java:57)
	at org.junit.runners.ParentRunner$3.run(ParentRunner.java:290)
	at org.junit.runners.ParentRunner$1.schedule(ParentRunner.java:71)
	at org.junit.runners.ParentRunner.runChildren(ParentRunner.java:288)
	at org.junit.runners.ParentRunner.access$000(ParentRunner.java:58)
	at org.junit.runners.ParentRunner$2.evaluate(ParentRunner.java:268)
	at org.junit.runners.ParentRunner.run(ParentRunner.java:363)
	at org.junit.runners.Suite.runChild(Suite.java:128)
	at org.junit.runners.Suite.runChild(Suite.java:27)
	at org.junit.runners.ParentRunner$3.run(ParentRunner.java:290)
	at org.junit.runners.ParentRunner$1.schedule(ParentRunner.java:71)
	at org.junit.runners.ParentRunner.runChildren(ParentRunner.java:288)
	at org.junit.runners.ParentRunner.access$000(ParentRunner.java:58)
	at org.junit.runners.ParentRunner$2.evaluate(ParentRunner.java:268)
	at org.junit.runners.ParentRunner.run(ParentRunner.java:363)
	at junit.framework.JUnit4TestAdapter.run(JUnit4TestAdapter.java:38)
	at org.apache.tools.ant.taskdefs.optional.junit.JUnitTestRunner.run(JUnitTestRunner.java:535)
	at org.apache.tools.ant.taskdefs.optional.junit.JUnitTestRunner.launch(JUnitTestRunner.java:1182)
	at org.apache.tools.ant.taskdefs.optional.junit.JUnitTestRunner.main(JUnitTestRunner.java:1033)
]]></system-err>

  </testsuite>
</testsuites>
