<?xml version="1.0" encoding="UTF-8" ?>
<testsuite errors="2" failures="2" hostname="ChanhNguyenPC" name="expressivo.ExpressionTest" skipped="0" tests="10" time="1.399" timestamp="2017-05-03T11:06:39">
  <properties>
[...]
</properties>
  <testcase classname="expressivo.ExpressionTest" name="testParseNumber" time="0.361">
    <error message="lib6005.parser.UnableToParseException: Only parsed up to line 1 col 2 the rest of the input did not parse&#xa;String does not match grammar &#xa;Error in line 1 col 2&#xa;Expected [ ] but saw .&lt;EOIN&gt;" type="java.lang.IllegalArgumentException">java.lang.IllegalArgumentException: lib6005.parser.UnableToParseException: Only parsed up to line 1 col 2 the rest of the input did not parse
String does not match grammar 
Error in line 1 col 2
Expected [ ] but saw .&lt;EOIN&gt;
	at expressivo.Expression.parse(Expression.java:47)
	at expressivo.ExpressionTest.testParseNumber(ExpressionTest.java:60)
Caused by: lib6005.parser.UnableToParseException: Only parsed up to line 1 col 2 the rest of the input did not parse
String does not match grammar 
Error in line 1 col 2
Expected [ ] but saw .&lt;EOIN&gt;
	at lib6005.parser.Parser.parse(Parser.java:160)
	at expressivo.Expression.parse(Expression.java:43)
</error>
  </testcase>
  <testcase classname="expressivo.ExpressionTest" name="testParseMult" time="0.138" />
  <testcase classname="expressivo.ExpressionTest" name="testAssertionsEnabled" time="0.0" />
  <testcase classname="expressivo.ExpressionTest" name="testCompound" time="0.01">
    <failure message="expected:&lt;(0 + 1)&gt; but was:&lt;1&gt;" type="junit.framework.AssertionFailedError">junit.framework.AssertionFailedError: expected:&lt;(0 + 1)&gt; but was:&lt;1&gt;
	at expressivo.ExpressionTest.testCompound(ExpressionTest.java:171)
</failure>
  </testcase>
  <testcase classname="expressivo.ExpressionTest" name="testSimplification" time="0.187" />
  <testcase classname="expressivo.ExpressionTest" name="testSimplify" time="0.004">
    <failure message="expected: java.lang.String&lt;28.08&gt; but was: expressivo.element.Number&lt;28.08&gt;" type="junit.framework.AssertionFailedError">junit.framework.AssertionFailedError: expected: java.lang.String&lt;28.08&gt; but was: expressivo.element.Number&lt;28.08&gt;
	at expressivo.ExpressionTest.testSimplify(ExpressionTest.java:191)
</failure>
  </testcase>
  <testcase classname="expressivo.ExpressionTest" name="testGrouping" time="0.177" />
  <testcase classname="expressivo.ExpressionTest" name="testSimple" time="0.0" />
  <testcase classname="expressivo.ExpressionTest" name="testParseSum" time="0.116" />
  <testcase classname="expressivo.ExpressionTest" name="testParseVar" time="0.066">
    <error message="lib6005.parser.UnableToParseException: String does not match grammar &#xa;Error in line 1 col 0&#xa;Expected |||[0-9]|.|[a-zA-Z]|( but saw &#x9;a&lt;EOIN&gt;" type="java.lang.IllegalArgumentException">java.lang.IllegalArgumentException: lib6005.parser.UnableToParseException: String does not match grammar 
Error in line 1 col 0
Expected |||[0-9]|.|[a-zA-Z]|( but saw 	a&lt;EOIN&gt;
	at expressivo.Expression.parse(Expression.java:47)
	at expressivo.ExpressionTest.testParseVar(ExpressionTest.java:81)
Caused by: lib6005.parser.UnableToParseException: String does not match grammar 
Error in line 1 col 0
Expected |||[0-9]|.|[a-zA-Z]|( but saw 	a&lt;EOIN&gt;
	at lib6005.parser.Parser.parse(Parser.java:153)
	at expressivo.Expression.parse(Expression.java:43)
</error>
  </testcase>
  <system-out><![CDATA[]]></system-out>
  <system-err><![CDATA[lib6005.parser.UnableToParseException: Only parsed up to line 1 col 2 the rest of the input did not parse
String does not match grammar 
Error in line 1 col 2
Expected [ ] but saw .<EOIN>
	at lib6005.parser.Parser.parse(Parser.java:160)
	at expressivo.Expression.parse(Expression.java:43)
	at expressivo.ExpressionTest.testParseNumber(ExpressionTest.java:60)
	at sun.reflect.NativeMethodAccessorImpl.invoke0(Native Method)
	at sun.reflect.NativeMethodAccessorImpl.invoke(NativeMethodAccessorImpl.java:62)
	at sun.reflect.DelegatingMethodAccessorImpl.invoke(DelegatingMethodAccessorImpl.java:43)
	at java.lang.reflect.Method.invoke(Method.java:498)
	at org.junit.runners.model.FrameworkMethod$1.runReflectiveCall(FrameworkMethod.java:50)
	at org.junit.internal.runners.model.ReflectiveCallable.run(ReflectiveCallable.java:12)
	at org.junit.runners.model.FrameworkMethod.invokeExplosively(FrameworkMethod.java:47)
	at org.junit.internal.runners.statements.InvokeMethod.evaluate(InvokeMethod.java:17)
	at org.junit.runners.ParentRunner.runLeaf(ParentRunner.java:325)
	at org.junit.runners.BlockJUnit4ClassRunner.runChild(BlockJUnit4ClassRunner.java:78)
	at org.junit.runners.BlockJUnit4ClassRunner.runChild(BlockJUnit4ClassRunner.java:57)
	at org.junit.runners.ParentRunner$3.run(ParentRunner.java:290)
	at org.junit.runners.ParentRunner$1.schedule(ParentRunner.java:71)
	at org.junit.runners.ParentRunner.runChildren(ParentRunner.java:288)
	at org.junit.runners.ParentRunner.access$000(ParentRunner.java:58)
	at org.junit.runners.ParentRunner$2.evaluate(ParentRunner.java:268)
	at org.junit.runners.ParentRunner.run(ParentRunner.java:363)
	at junit.framework.JUnit4TestAdapter.run(JUnit4TestAdapter.java:38)
	at org.apache.tools.ant.taskdefs.optional.junit.JUnitTestRunner.run(JUnitTestRunner.java:535)
	at org.apache.tools.ant.taskdefs.optional.junit.JUnitTestRunner.launch(JUnitTestRunner.java:1182)
	at org.apache.tools.ant.taskdefs.optional.junit.JUnitTestRunner.main(JUnitTestRunner.java:1033)
lib6005.parser.UnableToParseException: String does not match grammar 
Error in line 1 col 0
Expected |||[0-9]|.|[a-zA-Z]|( but saw 	a<EOIN>
	at lib6005.parser.Parser.parse(Parser.java:153)
	at expressivo.Expression.parse(Expression.java:43)
	at expressivo.ExpressionTest.testParseVar(ExpressionTest.java:81)
	at sun.reflect.NativeMethodAccessorImpl.invoke0(Native Method)
	at sun.reflect.NativeMethodAccessorImpl.invoke(NativeMethodAccessorImpl.java:62)
	at sun.reflect.DelegatingMethodAccessorImpl.invoke(DelegatingMethodAccessorImpl.java:43)
	at java.lang.reflect.Method.invoke(Method.java:498)
	at org.junit.runners.model.FrameworkMethod$1.runReflectiveCall(FrameworkMethod.java:50)
	at org.junit.internal.runners.model.ReflectiveCallable.run(ReflectiveCallable.java:12)
	at org.junit.runners.model.FrameworkMethod.invokeExplosively(FrameworkMethod.java:47)
	at org.junit.internal.runners.statements.InvokeMethod.evaluate(InvokeMethod.java:17)
	at org.junit.runners.ParentRunner.runLeaf(ParentRunner.java:325)
	at org.junit.runners.BlockJUnit4ClassRunner.runChild(BlockJUnit4ClassRunner.java:78)
	at org.junit.runners.BlockJUnit4ClassRunner.runChild(BlockJUnit4ClassRunner.java:57)
	at org.junit.runners.ParentRunner$3.run(ParentRunner.java:290)
	at org.junit.runners.ParentRunner$1.schedule(ParentRunner.java:71)
	at org.junit.runners.ParentRunner.runChildren(ParentRunner.java:288)
	at org.junit.runners.ParentRunner.access$000(ParentRunner.java:58)
	at org.junit.runners.ParentRunner$2.evaluate(ParentRunner.java:268)
	at org.junit.runners.ParentRunner.run(ParentRunner.java:363)
	at junit.framework.JUnit4TestAdapter.run(JUnit4TestAdapter.java:38)
	at org.apache.tools.ant.taskdefs.optional.junit.JUnitTestRunner.run(JUnitTestRunner.java:535)
	at org.apache.tools.ant.taskdefs.optional.junit.JUnitTestRunner.launch(JUnitTestRunner.java:1182)
	at org.apache.tools.ant.taskdefs.optional.junit.JUnitTestRunner.main(JUnitTestRunner.java:1033)
]]></system-err>
</testsuite>
