<?xml version="1.0" encoding="UTF-8" ?>
<testsuite errors="1" failures="0" hostname="ChanhNguyenPC" name="expressivo.beta.JavaInterfaceTest" skipped="0" tests="6" time="0.635" timestamp="2017-05-02T20:22:24">
  <properties>
[...]
</properties>
  <testcase classname="expressivo.beta.JavaInterfaceTest" name="testParseEquals" time="0.138" />
  <testcase classname="expressivo.beta.JavaInterfaceTest" name="testDifferentiate" time="0.056" />
  <testcase classname="expressivo.beta.JavaInterfaceTest" name="testParseToString" time="0.039" />
  <testcase classname="expressivo.beta.JavaInterfaceTest" name="testSimplifyTwice" time="0.041" />
  <testcase classname="expressivo.beta.JavaInterfaceTest" name="testParseInvalid" time="0.072">
    <error message="Unexpected exception, expected&lt;java.lang.IllegalArgumentException&gt; but was&lt;java.lang.NullPointerException&gt;" type="java.lang.Exception">java.lang.Exception: Unexpected exception, expected&lt;java.lang.IllegalArgumentException&gt; but was&lt;java.lang.NullPointerException&gt;
Caused by: java.lang.NullPointerException
	at expressivo.Expression.buildAST(Expression.java:58)
	at expressivo.Expression.parse(Expression.java:48)
	at expressivo.beta.JavaInterfaceTest.testParseInvalid(JavaInterfaceTest.java:17)
</error>
  </testcase>
  <testcase classname="expressivo.beta.JavaInterfaceTest" name="testSimplify" time="0.023" />
  <system-out><![CDATA[x
x
x
]]></system-out>
  <system-err><![CDATA[lib6005.parser.UnableToParseException: String does not match grammar 
Error in line 1 col 0
Expected ||[0-9]|[a-z]|( but saw !moo<EOIN>
	at lib6005.parser.Parser.parse(Parser.java:153)
	at expressivo.Expression.parse(Expression.java:42)
	at expressivo.beta.JavaInterfaceTest.testParseInvalid(JavaInterfaceTest.java:17)
	at sun.reflect.NativeMethodAccessorImpl.invoke0(Native Method)
	at sun.reflect.NativeMethodAccessorImpl.invoke(NativeMethodAccessorImpl.java:62)
	at sun.reflect.DelegatingMethodAccessorImpl.invoke(DelegatingMethodAccessorImpl.java:43)
	at java.lang.reflect.Method.invoke(Method.java:498)
	at org.junit.runners.model.FrameworkMethod$1.runReflectiveCall(FrameworkMethod.java:50)
	at org.junit.internal.runners.model.ReflectiveCallable.run(ReflectiveCallable.java:12)
	at org.junit.runners.model.FrameworkMethod.invokeExplosively(FrameworkMethod.java:47)
	at org.junit.internal.runners.statements.InvokeMethod.evaluate(InvokeMethod.java:17)
	at org.junit.internal.runners.statements.ExpectException.evaluate(ExpectException.java:19)
	at org.junit.runners.ParentRunner.runLeaf(ParentRunner.java:325)
	at org.junit.runners.BlockJUnit4ClassRunner.runChild(BlockJUnit4ClassRunner.java:78)
	at org.junit.runners.BlockJUnit4ClassRunner.runChild(BlockJUnit4ClassRunner.java:57)
	at org.junit.runners.ParentRunner$3.run(ParentRunner.java:290)
	at org.junit.runners.ParentRunner$1.schedule(ParentRunner.java:71)
	at org.junit.runners.ParentRunner.runChildren(ParentRunner.java:288)
	at org.junit.runners.ParentRunner.access$000(ParentRunner.java:58)
	at org.junit.runners.ParentRunner$2.evaluate(ParentRunner.java:268)
	at org.junit.runners.ParentRunner.run(ParentRunner.java:363)
	at junit.framework.JUnit4TestAdapter.run(JUnit4TestAdapter.java:38)
	at org.apache.tools.ant.taskdefs.optional.junit.JUnitTestRunner.run(JUnitTestRunner.java:535)
	at org.apache.tools.ant.taskdefs.optional.junit.JUnitTestRunner.launch(JUnitTestRunner.java:1182)
	at org.apache.tools.ant.taskdefs.optional.junit.JUnitTestRunner.main(JUnitTestRunner.java:1033)
]]></system-err>
</testsuite>
